{"level":"info","message":"Connected to mongodb","service":"post-service","timestamp":"2026-02-21T08:50:55.952Z"}
{"level":"info","message":"Identity service running on port 3002","service":"post-service","timestamp":"2026-02-21T08:53:26.078Z"}
{"level":"info","message":"Connected to mongodb","service":"post-service","timestamp":"2026-02-21T08:53:26.585Z"}
{"level":"info","message":"Received POST request to /api/posts/create-post","service":"post-service","timestamp":"2026-02-21T09:15:54.348Z"}
{"level":"info","message":"Request body, [object Object]","service":"post-service","timestamp":"2026-02-21T09:15:54.348Z"}
{"level":"info","message":"Hit Create post endpoint...","service":"post-service","timestamp":"2026-02-21T09:15:54.355Z"}
{"level":"error","message":"ReferenceError: error is not defined\n    at createPost (C:\\Documents Windows\\Coding Stuff\\social-media-microservices\\post-service\\src\\controllers\\post-controller.js:23:45)\n    at process.processTicksAndRejections (node:internal/process/task_queues:105:5)","service":"post-service","timestamp":"2026-02-21T09:15:54.379Z"}
{"level":"info","message":"Received POST request to /api/posts/create-post","service":"post-service","timestamp":"2026-02-21T09:17:37.682Z"}
{"level":"info","message":"Request body, [object Object]","service":"post-service","timestamp":"2026-02-21T09:17:37.682Z"}
{"level":"info","message":"Hit Create post endpoint...","service":"post-service","timestamp":"2026-02-21T09:17:37.684Z"}
{"level":"error","message":"ReferenceError: error is not defined\n    at createPost (C:\\Documents Windows\\Coding Stuff\\social-media-microservices\\post-service\\src\\controllers\\post-controller.js:23:45)\n    at process.processTicksAndRejections (node:internal/process/task_queues:105:5)","service":"post-service","timestamp":"2026-02-21T09:17:37.685Z"}
{"level":"info","message":"Received POST request to /api/posts/create-post","service":"post-service","timestamp":"2026-02-21T09:18:39.663Z"}
{"level":"info","message":"Request body, [object Object]","service":"post-service","timestamp":"2026-02-21T09:18:39.663Z"}
{"level":"info","message":"Hit Create post endpoint...","service":"post-service","timestamp":"2026-02-21T09:18:39.664Z"}
{"level":"info","message":"Post created successfully","service":"post-service","timestamp":"2026-02-21T09:18:39.720Z"}
{"level":"info","message":"Identity service running on port 3002","service":"post-service","timestamp":"2026-02-21T09:19:49.707Z"}
{"level":"info","message":"Connected to mongodb","service":"post-service","timestamp":"2026-02-21T09:19:50.348Z"}
{"level":"info","message":"Received POST request to /api/posts/create-post","service":"post-service","timestamp":"2026-02-21T09:22:27.307Z"}
{"level":"info","message":"Request body, [object Object]","service":"post-service","timestamp":"2026-02-21T09:22:27.308Z"}
{"level":"warn","message":"Sensitive endpoint rate limit exceeded for IP: ::1","service":"post-service","timestamp":"2026-02-21T09:22:27.313Z"}
{"level":"info","message":"Received POST request to /api/posts/create-post","service":"post-service","timestamp":"2026-02-21T09:22:52.819Z"}
{"level":"info","message":"Request body, [object Object]","service":"post-service","timestamp":"2026-02-21T09:22:52.820Z"}
{"level":"warn","message":"Sensitive endpoint rate limit exceeded for IP: ::1","service":"post-service","timestamp":"2026-02-21T09:22:52.821Z"}
{"level":"info","message":"Received POST request to /api/posts/create-post","service":"post-service","timestamp":"2026-02-21T09:23:33.167Z"}
{"level":"info","message":"Request body, [object Object]","service":"post-service","timestamp":"2026-02-21T09:23:33.167Z"}
{"level":"warn","message":"Sensitive endpoint rate limit exceeded for IP: ::1","service":"post-service","timestamp":"2026-02-21T09:23:33.168Z"}
{"level":"info","message":"Received POST request to /api/posts/create-post","service":"post-service","timestamp":"2026-02-21T09:24:03.299Z"}
{"level":"info","message":"Request body, [object Object]","service":"post-service","timestamp":"2026-02-21T09:24:03.300Z"}
{"level":"warn","message":"Sensitive endpoint rate limit exceeded for IP: ::1","service":"post-service","timestamp":"2026-02-21T09:24:03.301Z"}
{"level":"info","message":"Received POST request to /api/posts/create-post","service":"post-service","timestamp":"2026-02-21T09:24:22.268Z"}
{"level":"info","message":"Request body, [object Object]","service":"post-service","timestamp":"2026-02-21T09:24:22.268Z"}
{"level":"warn","message":"Sensitive endpoint rate limit exceeded for IP: ::1","service":"post-service","timestamp":"2026-02-21T09:24:22.270Z"}
{"level":"info","message":"Identity service running on port 3002","service":"post-service","timestamp":"2026-02-21T09:24:30.807Z"}
{"level":"info","message":"Connected to mongodb","service":"post-service","timestamp":"2026-02-21T09:24:31.333Z"}
{"level":"info","message":"Received POST request to /api/posts/create-post","service":"post-service","timestamp":"2026-02-21T09:24:34.209Z"}
{"level":"info","message":"Request body, [object Object]","service":"post-service","timestamp":"2026-02-21T09:24:34.210Z"}
{"level":"info","message":"Hit Create post endpoint...","service":"post-service","timestamp":"2026-02-21T09:24:34.213Z"}
{"level":"info","message":"Post created successfully","service":"post-service","timestamp":"2026-02-21T09:24:34.265Z"}
{"level":"info","message":"Received POST request to /api/posts/create-post","service":"post-service","timestamp":"2026-02-21T09:25:10.902Z"}
{"level":"info","message":"Request body, [object Object]","service":"post-service","timestamp":"2026-02-21T09:25:10.902Z"}
{"level":"info","message":"Hit Create post endpoint...","service":"post-service","timestamp":"2026-02-21T09:25:10.905Z"}
{"level":"info","message":"Post created successfully","service":"post-service","timestamp":"2026-02-21T09:25:10.947Z"}
{"level":"info","message":"Received GET request to /api/posts/get-posts","service":"post-service","timestamp":"2026-02-21T09:55:22.441Z"}
{"level":"info","message":"Request body, [object Object]","service":"post-service","timestamp":"2026-02-21T09:55:22.441Z"}
{"level":"info","message":"Received GET request to /api/posts/get-posts","service":"post-service","timestamp":"2026-02-21T10:04:16.452Z"}
{"level":"info","message":"Request body, [object Object]","service":"post-service","timestamp":"2026-02-21T10:04:16.452Z"}
{"level":"info","message":"Received GET request to /api/posts/get-posts","service":"post-service","timestamp":"2026-02-21T10:04:56.480Z"}
{"level":"info","message":"Request body, [object Object]","service":"post-service","timestamp":"2026-02-21T10:04:56.481Z"}
{"level":"info","message":"Identity service running on port 3002","service":"post-service","timestamp":"2026-02-21T10:05:14.349Z"}
{"level":"info","message":"Connected to mongodb","service":"post-service","timestamp":"2026-02-21T10:05:14.941Z"}
{"level":"info","message":"Received GET request to /api/posts/get-posts","service":"post-service","timestamp":"2026-02-21T10:05:17.339Z"}
{"level":"info","message":"Request body, [object Object]","service":"post-service","timestamp":"2026-02-21T10:05:17.340Z"}
{"level":"error","message":"ReferenceError: error is not defined\n    at getAllPosts (C:\\Documents Windows\\Coding Stuff\\social-media-microservices\\post-service\\src\\controllers\\post-controller.js:75:46)\n    at process.processTicksAndRejections (node:internal/process/task_queues:105:5)","service":"post-service","timestamp":"2026-02-21T10:05:17.430Z"}
{"level":"info","message":"Received GET request to /api/posts/get-posts","service":"post-service","timestamp":"2026-02-21T10:05:20.606Z"}
{"level":"info","message":"Request body, [object Object]","service":"post-service","timestamp":"2026-02-21T10:05:20.607Z"}
{"level":"error","message":"ReferenceError: error is not defined\n    at getAllPosts (C:\\Documents Windows\\Coding Stuff\\social-media-microservices\\post-service\\src\\controllers\\post-controller.js:75:46)\n    at process.processTicksAndRejections (node:internal/process/task_queues:105:5)","service":"post-service","timestamp":"2026-02-21T10:05:20.727Z"}
{"level":"info","message":"Received GET request to /api/posts/get-posts","service":"post-service","timestamp":"2026-02-21T10:05:54.530Z"}
{"level":"info","message":"Request body, [object Object]","service":"post-service","timestamp":"2026-02-21T10:05:54.531Z"}
{"level":"error","message":"ReferenceError: error is not defined\n    at getAllPosts (C:\\Documents Windows\\Coding Stuff\\social-media-microservices\\post-service\\src\\controllers\\post-controller.js:75:46)\n    at process.processTicksAndRejections (node:internal/process/task_queues:105:5)","service":"post-service","timestamp":"2026-02-21T10:05:54.686Z"}
{"level":"info","message":"Received GET request to /api/posts/get-posts","service":"post-service","timestamp":"2026-02-21T10:06:35.452Z"}
{"level":"info","message":"Request body, [object Object]","service":"post-service","timestamp":"2026-02-21T10:06:35.453Z"}
{"level":"error","message":"ReferenceError: error is not defined\n    at getAllPosts (C:\\Documents Windows\\Coding Stuff\\social-media-microservices\\post-service\\src\\controllers\\post-controller.js:75:46)\n    at process.processTicksAndRejections (node:internal/process/task_queues:105:5)","service":"post-service","timestamp":"2026-02-21T10:06:35.539Z"}
{"level":"info","message":"Received GET request to /api/posts/get-posts","service":"post-service","timestamp":"2026-02-21T10:07:19.159Z"}
{"level":"info","message":"Request body, [object Object]","service":"post-service","timestamp":"2026-02-21T10:07:19.160Z"}
{"level":"error","message":"ReferenceError: error is not defined\n    at getAllPosts (C:\\Documents Windows\\Coding Stuff\\social-media-microservices\\post-service\\src\\controllers\\post-controller.js:75:46)\n    at process.processTicksAndRejections (node:internal/process/task_queues:105:5)","service":"post-service","timestamp":"2026-02-21T10:07:19.239Z"}
{"level":"info","message":"Received GET request to /api/posts/get-posts","service":"post-service","timestamp":"2026-02-21T10:09:40.530Z"}
{"level":"info","message":"Request body, [object Object]","service":"post-service","timestamp":"2026-02-21T10:09:40.530Z"}
{"level":"error","message":"ReferenceError: error is not defined\n    at getAllPosts (C:\\Documents Windows\\Coding Stuff\\social-media-microservices\\post-service\\src\\controllers\\post-controller.js:75:46)\n    at process.processTicksAndRejections (node:internal/process/task_queues:105:5)","service":"post-service","timestamp":"2026-02-21T10:09:40.602Z"}
{"level":"info","message":"Received GET request to /api/posts/get-posts","service":"post-service","timestamp":"2026-02-21T10:12:04.221Z"}
{"level":"info","message":"Request body, [object Object]","service":"post-service","timestamp":"2026-02-21T10:12:04.222Z"}
{"level":"error","message":"ReferenceError: error is not defined\n    at getAllPosts (C:\\Documents Windows\\Coding Stuff\\social-media-microservices\\post-service\\src\\controllers\\post-controller.js:75:46)\n    at process.processTicksAndRejections (node:internal/process/task_queues:105:5)","service":"post-service","timestamp":"2026-02-21T10:12:04.355Z"}
{"level":"info","message":"Received GET request to /api/posts/get-posts","service":"post-service","timestamp":"2026-02-21T10:13:53.313Z"}
{"level":"info","message":"Request body, [object Object]","service":"post-service","timestamp":"2026-02-21T10:13:53.314Z"}
{"level":"error","message":"ReferenceError: error is not defined\n    at getAllPosts (C:\\Documents Windows\\Coding Stuff\\social-media-microservices\\post-service\\src\\controllers\\post-controller.js:75:46)\n    at process.processTicksAndRejections (node:internal/process/task_queues:105:5)","service":"post-service","timestamp":"2026-02-21T10:13:53.389Z"}
{"level":"info","message":"Received GET request to /api/posts/get-posts","service":"post-service","timestamp":"2026-02-21T10:14:59.697Z"}
{"level":"info","message":"Request body, [object Object]","service":"post-service","timestamp":"2026-02-21T10:14:59.697Z"}
{"level":"error","message":"ReferenceError: error is not defined\n    at getAllPosts (C:\\Documents Windows\\Coding Stuff\\social-media-microservices\\post-service\\src\\controllers\\post-controller.js:75:46)\n    at process.processTicksAndRejections (node:internal/process/task_queues:105:5)","service":"post-service","timestamp":"2026-02-21T10:14:59.786Z"}
{"level":"info","message":"Received GET request to /api/posts/get-posts","service":"post-service","timestamp":"2026-02-21T10:15:34.226Z"}
{"level":"info","message":"Request body, [object Object]","service":"post-service","timestamp":"2026-02-21T10:15:34.227Z"}
{"level":"error","message":"ReferenceError: error is not defined\n    at getAllPosts (C:\\Documents Windows\\Coding Stuff\\social-media-microservices\\post-service\\src\\controllers\\post-controller.js:75:46)\n    at process.processTicksAndRejections (node:internal/process/task_queues:105:5)","service":"post-service","timestamp":"2026-02-21T10:15:34.298Z"}
{"level":"info","message":"Identity service running on port 3002","service":"post-service","timestamp":"2026-02-21T10:15:58.414Z"}
{"level":"info","message":"Connected to mongodb","service":"post-service","timestamp":"2026-02-21T10:15:59.066Z"}
{"level":"info","message":"Received GET request to /api/posts/get-posts","service":"post-service","timestamp":"2026-02-21T10:16:01.436Z"}
{"level":"info","message":"Request body, [object Object]","service":"post-service","timestamp":"2026-02-21T10:16:01.437Z"}
{"level":"info","message":"Hit Get all post endpoint...","service":"post-service","timestamp":"2026-02-21T10:16:01.438Z"}
{"level":"info","message":"Received POST request to /api/posts/create-post","service":"post-service","timestamp":"2026-02-21T10:16:40.603Z"}
{"level":"info","message":"Request body, [object Object]","service":"post-service","timestamp":"2026-02-21T10:16:40.604Z"}
{"level":"info","message":"Hit Create post endpoint...","service":"post-service","timestamp":"2026-02-21T10:16:40.607Z"}
{"level":"info","message":"Post created successfully","service":"post-service","timestamp":"2026-02-21T10:16:40.660Z"}
{"level":"info","message":"Received POST request to /api/posts/create-post","service":"post-service","timestamp":"2026-02-21T10:16:43.948Z"}
{"level":"info","message":"Request body, [object Object]","service":"post-service","timestamp":"2026-02-21T10:16:43.949Z"}
{"level":"info","message":"Hit Create post endpoint...","service":"post-service","timestamp":"2026-02-21T10:16:43.950Z"}
{"level":"info","message":"Post created successfully","service":"post-service","timestamp":"2026-02-21T10:16:43.991Z"}
{"level":"info","message":"Received POST request to /api/posts/create-post","service":"post-service","timestamp":"2026-02-21T10:16:47.154Z"}
{"level":"info","message":"Request body, [object Object]","service":"post-service","timestamp":"2026-02-21T10:16:47.155Z"}
{"level":"info","message":"Hit Create post endpoint...","service":"post-service","timestamp":"2026-02-21T10:16:47.156Z"}
{"level":"info","message":"Post created successfully","service":"post-service","timestamp":"2026-02-21T10:16:47.218Z"}
{"level":"info","message":"Received GET request to /api/posts/get-posts","service":"post-service","timestamp":"2026-02-21T10:16:50.617Z"}
{"level":"info","message":"Request body, [object Object]","service":"post-service","timestamp":"2026-02-21T10:16:50.618Z"}
{"level":"info","message":"Hit Get all post endpoint...","service":"post-service","timestamp":"2026-02-21T10:16:50.618Z"}
{"level":"info","message":"Received GET request to /api/posts/get-posts","service":"post-service","timestamp":"2026-02-21T10:17:02.375Z"}
{"level":"info","message":"Request body, [object Object]","service":"post-service","timestamp":"2026-02-21T10:17:02.375Z"}
{"level":"info","message":"Hit Get all post endpoint...","service":"post-service","timestamp":"2026-02-21T10:17:02.375Z"}
{"level":"info","message":"Received GET request to /api/posts/get-posts?page=1&limit=4","service":"post-service","timestamp":"2026-02-21T10:17:59.913Z"}
{"level":"info","message":"Request body, [object Object]","service":"post-service","timestamp":"2026-02-21T10:17:59.914Z"}
{"level":"info","message":"Hit Get all post endpoint...","service":"post-service","timestamp":"2026-02-21T10:17:59.914Z"}
{"level":"info","message":"Received GET request to /api/posts/get-posts?page=0&limit=4","service":"post-service","timestamp":"2026-02-21T10:18:09.682Z"}
{"level":"info","message":"Request body, [object Object]","service":"post-service","timestamp":"2026-02-21T10:18:09.683Z"}
{"level":"info","message":"Hit Get all post endpoint...","service":"post-service","timestamp":"2026-02-21T10:18:09.684Z"}
{"level":"info","message":"Received GET request to /api/posts/get-posts?page=1&limit=4","service":"post-service","timestamp":"2026-02-21T10:18:33.359Z"}
{"level":"info","message":"Request body, [object Object]","service":"post-service","timestamp":"2026-02-21T10:18:33.360Z"}
{"level":"info","message":"Hit Get all post endpoint...","service":"post-service","timestamp":"2026-02-21T10:18:33.361Z"}
{"level":"info","message":"Received GET request to /api/posts/get-posts","service":"post-service","timestamp":"2026-02-21T10:18:47.302Z"}
{"level":"info","message":"Request body, [object Object]","service":"post-service","timestamp":"2026-02-21T10:18:47.303Z"}
{"level":"info","message":"Hit Get all post endpoint...","service":"post-service","timestamp":"2026-02-21T10:18:47.303Z"}
{"level":"info","message":"Received GET request to /api/posts/get-posts?limit=4","service":"post-service","timestamp":"2026-02-21T10:19:01.234Z"}
{"level":"info","message":"Request body, [object Object]","service":"post-service","timestamp":"2026-02-21T10:19:01.235Z"}
{"level":"info","message":"Hit Get all post endpoint...","service":"post-service","timestamp":"2026-02-21T10:19:01.235Z"}
{"level":"info","message":"Received GET request to /api/posts/get-posts?page=0&limit=4","service":"post-service","timestamp":"2026-02-21T10:19:13.279Z"}
{"level":"info","message":"Request body, [object Object]","service":"post-service","timestamp":"2026-02-21T10:19:13.279Z"}
{"level":"info","message":"Hit Get all post endpoint...","service":"post-service","timestamp":"2026-02-21T10:19:13.279Z"}
{"level":"info","message":"Received GET request to /api/posts/get-posts?page=0&limit=2","service":"post-service","timestamp":"2026-02-21T10:19:20.124Z"}
{"level":"info","message":"Request body, [object Object]","service":"post-service","timestamp":"2026-02-21T10:19:20.125Z"}
{"level":"info","message":"Hit Get all post endpoint...","service":"post-service","timestamp":"2026-02-21T10:19:20.125Z"}
{"level":"info","message":"Received GET request to /api/posts/get-posts?page=0&limit=2","service":"post-service","timestamp":"2026-02-21T10:19:46.307Z"}
{"level":"info","message":"Request body, [object Object]","service":"post-service","timestamp":"2026-02-21T10:19:46.308Z"}
{"level":"info","message":"Hit Get all post endpoint...","service":"post-service","timestamp":"2026-02-21T10:19:46.308Z"}
{"level":"info","message":"Received GET request to /api/posts/get-posts","service":"post-service","timestamp":"2026-02-21T10:19:51.229Z"}
{"level":"info","message":"Request body, [object Object]","service":"post-service","timestamp":"2026-02-21T10:19:51.230Z"}
{"level":"info","message":"Hit Get all post endpoint...","service":"post-service","timestamp":"2026-02-21T10:19:51.230Z"}
{"level":"info","message":"Received GET request to /api/posts/get-posts","service":"post-service","timestamp":"2026-02-21T10:19:53.798Z"}
{"level":"info","message":"Request body, [object Object]","service":"post-service","timestamp":"2026-02-21T10:19:53.798Z"}
{"level":"info","message":"Hit Get all post endpoint...","service":"post-service","timestamp":"2026-02-21T10:19:53.799Z"}
{"level":"info","message":"Received GET request to /api/posts/get-posts","service":"post-service","timestamp":"2026-02-21T10:19:56.014Z"}
{"level":"info","message":"Request body, [object Object]","service":"post-service","timestamp":"2026-02-21T10:19:56.014Z"}
{"level":"info","message":"Hit Get all post endpoint...","service":"post-service","timestamp":"2026-02-21T10:19:56.014Z"}
{"level":"info","message":"Received GET request to /api/posts/get-posts","service":"post-service","timestamp":"2026-02-21T10:19:58.111Z"}
{"level":"info","message":"Request body, [object Object]","service":"post-service","timestamp":"2026-02-21T10:19:58.111Z"}
{"level":"info","message":"Hit Get all post endpoint...","service":"post-service","timestamp":"2026-02-21T10:19:58.112Z"}
{"level":"info","message":"Received GET request to /api/posts/get-posts","service":"post-service","timestamp":"2026-02-21T10:20:00.279Z"}
{"level":"info","message":"Request body, [object Object]","service":"post-service","timestamp":"2026-02-21T10:20:00.280Z"}
{"level":"info","message":"Hit Get all post endpoint...","service":"post-service","timestamp":"2026-02-21T10:20:00.280Z"}
{"level":"info","message":"Received GET request to /api/posts/get-posts","service":"post-service","timestamp":"2026-02-21T10:20:03.016Z"}
{"level":"info","message":"Request body, [object Object]","service":"post-service","timestamp":"2026-02-21T10:20:03.017Z"}
{"level":"info","message":"Hit Get all post endpoint...","service":"post-service","timestamp":"2026-02-21T10:20:03.017Z"}
{"level":"info","message":"Received POST request to /api/posts/create-post","service":"post-service","timestamp":"2026-02-21T10:31:31.486Z"}
{"level":"info","message":"Request body, [object Object]","service":"post-service","timestamp":"2026-02-21T10:31:31.486Z"}
{"level":"info","message":"Hit Create post endpoint...","service":"post-service","timestamp":"2026-02-21T10:31:31.487Z"}
{"level":"info","message":"Post created successfully","service":"post-service","timestamp":"2026-02-21T10:31:31.533Z"}
{"level":"info","message":"Received GET request to /api/posts/get-posts","service":"post-service","timestamp":"2026-02-21T10:31:37.087Z"}
{"level":"info","message":"Request body, [object Object]","service":"post-service","timestamp":"2026-02-21T10:31:37.087Z"}
{"level":"info","message":"Hit Get all post endpoint...","service":"post-service","timestamp":"2026-02-21T10:31:37.088Z"}
{"level":"info","message":"Received GET request to /api/posts/get-posts","service":"post-service","timestamp":"2026-02-21T10:31:40.619Z"}
{"level":"info","message":"Request body, [object Object]","service":"post-service","timestamp":"2026-02-21T10:31:40.619Z"}
{"level":"info","message":"Hit Get all post endpoint...","service":"post-service","timestamp":"2026-02-21T10:31:40.620Z"}
{"level":"info","message":"Received GET request to /api/posts/get-posts","service":"post-service","timestamp":"2026-02-21T10:41:20.687Z"}
{"level":"info","message":"Request body, [object Object]","service":"post-service","timestamp":"2026-02-21T10:41:20.687Z"}
{"level":"info","message":"Hit Get all post endpoint...","service":"post-service","timestamp":"2026-02-21T10:41:20.687Z"}
{"level":"info","message":"Received GET request to /api/posts/get-posts?limit=1","service":"post-service","timestamp":"2026-02-21T10:41:42.966Z"}
{"level":"info","message":"Request body, [object Object]","service":"post-service","timestamp":"2026-02-21T10:41:42.967Z"}
{"level":"info","message":"Hit Get all post endpoint...","service":"post-service","timestamp":"2026-02-21T10:41:42.967Z"}
{"level":"info","message":"Received GET request to /api/posts","service":"post-service","timestamp":"2026-02-21T10:48:26.301Z"}
{"level":"info","message":"Request body, [object Object]","service":"post-service","timestamp":"2026-02-21T10:48:26.301Z"}
{"level":"info","message":"Received GET request to /api/posts/1","service":"post-service","timestamp":"2026-02-21T10:48:41.839Z"}
{"level":"info","message":"Request body, [object Object]","service":"post-service","timestamp":"2026-02-21T10:48:41.839Z"}
{"level":"info","message":"Received GET request to /api/posts","service":"post-service","timestamp":"2026-02-21T10:48:56.326Z"}
{"level":"info","message":"Request body, [object Object]","service":"post-service","timestamp":"2026-02-21T10:48:56.327Z"}
{"level":"info","message":"Received GET request to /api/posts/699989838c4305b30b3f8138","service":"post-service","timestamp":"2026-02-21T10:49:13.865Z"}
{"level":"info","message":"Request body, [object Object]","service":"post-service","timestamp":"2026-02-21T10:49:13.865Z"}
{"level":"info","message":"Received GET request to /api/posts/get-posts","service":"post-service","timestamp":"2026-02-21T10:49:47.154Z"}
{"level":"info","message":"Request body, [object Object]","service":"post-service","timestamp":"2026-02-21T10:49:47.155Z"}
{"level":"info","message":"Hit Get all post endpoint...","service":"post-service","timestamp":"2026-02-21T10:49:47.155Z"}
{"level":"info","message":"Received GET request to /api/posts/699989838c4305b30b3f8138","service":"post-service","timestamp":"2026-02-21T10:50:02.906Z"}
{"level":"info","message":"Request body, [object Object]","service":"post-service","timestamp":"2026-02-21T10:50:02.906Z"}
{"level":"info","message":"Received GET request to /api/posts/699989838c4305b30b3f8138","service":"post-service","timestamp":"2026-02-21T10:51:46.018Z"}
{"level":"info","message":"Request body, [object Object]","service":"post-service","timestamp":"2026-02-21T10:51:46.018Z"}
{"level":"info","message":"Identity service running on port 3002","service":"post-service","timestamp":"2026-02-21T10:52:06.724Z"}
{"level":"info","message":"Connected to mongodb","service":"post-service","timestamp":"2026-02-21T10:52:07.224Z"}
{"level":"info","message":"Received GET request to /api/posts/699989838c4305b30b3f8138","service":"post-service","timestamp":"2026-02-21T10:52:08.838Z"}
{"level":"info","message":"Request body, [object Object]","service":"post-service","timestamp":"2026-02-21T10:52:08.839Z"}
{"level":"info","message":"Hit Get post endpoint...","service":"post-service","timestamp":"2026-02-21T10:52:08.840Z"}
{"level":"info","message":"Received GET request to /api/posts","service":"post-service","timestamp":"2026-02-21T11:05:34.202Z"}
{"level":"info","message":"Request body, [object Object]","service":"post-service","timestamp":"2026-02-21T11:05:34.203Z"}
{"level":"info","message":"Received GET request to /api/posts","service":"post-service","timestamp":"2026-02-21T11:05:46.647Z"}
{"level":"info","message":"Request body, [object Object]","service":"post-service","timestamp":"2026-02-21T11:05:46.648Z"}
{"level":"info","message":"Received GET request to /api/posts?id=699989838c4305b30b3f8138","service":"post-service","timestamp":"2026-02-21T11:06:07.127Z"}
{"level":"info","message":"Request body, [object Object]","service":"post-service","timestamp":"2026-02-21T11:06:07.177Z"}
{"level":"info","message":"Received GET request to /api/posts/699989838c4305b30b3f8138","service":"post-service","timestamp":"2026-02-21T11:06:16.494Z"}
{"level":"info","message":"Request body, [object Object]","service":"post-service","timestamp":"2026-02-21T11:06:16.494Z"}
{"level":"info","message":"Hit Get post endpoint...","service":"post-service","timestamp":"2026-02-21T11:06:16.495Z"}
{"level":"info","message":"Received GET request to /api/posts/","service":"post-service","timestamp":"2026-02-21T11:06:30.300Z"}
{"level":"info","message":"Request body, [object Object]","service":"post-service","timestamp":"2026-02-21T11:06:30.300Z"}
{"level":"info","message":"Identity service running on port 3002","service":"post-service","timestamp":"2026-02-21T11:08:29.137Z"}
{"level":"info","message":"Connected to mongodb","service":"post-service","timestamp":"2026-02-21T11:08:29.666Z"}
{"level":"info","message":"Received DELETE request to /api/posts/699989838c4305b30b3f8138","service":"post-service","timestamp":"2026-02-21T11:09:03.585Z"}
{"level":"info","message":"Request body, [object Object]","service":"post-service","timestamp":"2026-02-21T11:09:03.586Z"}
{"level":"info","message":"Hit Delete post endpoint...","service":"post-service","timestamp":"2026-02-21T11:09:03.587Z"}
{"level":"info","message":"Received GET request to /api/posts/699989838c4305b30b3f8138","service":"post-service","timestamp":"2026-02-21T11:09:08.650Z"}
{"level":"info","message":"Request body, [object Object]","service":"post-service","timestamp":"2026-02-21T11:09:08.651Z"}
{"level":"info","message":"Hit Get post endpoint...","service":"post-service","timestamp":"2026-02-21T11:09:08.651Z"}
{"level":"info","message":"Received GET request to /api/posts/get-posts","service":"post-service","timestamp":"2026-02-21T11:10:32.768Z"}
{"level":"info","message":"Request body, [object Object]","service":"post-service","timestamp":"2026-02-21T11:10:32.769Z"}
{"level":"info","message":"Hit Get all post endpoint...","service":"post-service","timestamp":"2026-02-21T11:10:32.770Z"}
{"level":"info","message":"Received GET request to /api/posts/get-posts","service":"post-service","timestamp":"2026-02-21T11:10:37.892Z"}
{"level":"info","message":"Request body, [object Object]","service":"post-service","timestamp":"2026-02-21T11:10:37.893Z"}
{"level":"info","message":"Hit Get all post endpoint...","service":"post-service","timestamp":"2026-02-21T11:10:37.893Z"}
{"level":"info","message":"Identity service running on port 3002","service":"post-service","timestamp":"2026-02-22T11:38:44.808Z"}
{"level":"info","message":"Connected to mongodb","service":"post-service","timestamp":"2026-02-22T11:38:45.330Z"}
{"level":"info","message":"Received POST request to /api/posts/create-post","service":"post-service","timestamp":"2026-02-22T12:27:47.677Z"}
{"level":"info","message":"Request body, [object Object]","service":"post-service","timestamp":"2026-02-22T12:27:47.679Z"}
{"level":"info","message":"Hit Create post endpoint...","service":"post-service","timestamp":"2026-02-22T12:27:47.688Z"}
{"0":"\"","1":"m","10":" ","11":"i","12":"s","13":" ","14":"n","15":"o","16":"t","17":" ","18":"a","19":"l","2":"e","20":"l","21":"o","22":"w","23":"e","24":"d","3":"d","4":"i","5":"a","6":"I","7":"d","8":"s","9":"\"","level":"warn","message":"Validation error","service":"post-service","timestamp":"2026-02-22T12:27:47.701Z"}
{"level":"info","message":"Identity service running on port 3002","service":"post-service","timestamp":"2026-02-22T12:28:25.446Z"}
{"level":"info","message":"Connected to mongodb","service":"post-service","timestamp":"2026-02-22T12:28:26.014Z"}
{"level":"info","message":"Received POST request to /api/posts/create-post","service":"post-service","timestamp":"2026-02-22T12:28:31.925Z"}
{"level":"info","message":"Request body, [object Object]","service":"post-service","timestamp":"2026-02-22T12:28:31.926Z"}
{"level":"info","message":"Hit Create post endpoint...","service":"post-service","timestamp":"2026-02-22T12:28:31.934Z"}
{"0":"\"","1":"m","10":" ","11":"m","12":"u","13":"s","14":"t","15":" ","16":"b","17":"e","18":" ","19":"a","2":"e","20":"n","21":" ","22":"a","23":"r","24":"r","25":"a","26":"y","3":"d","4":"i","5":"a","6":"I","7":"d","8":"s","9":"\"","level":"warn","message":"Validation error","service":"post-service","timestamp":"2026-02-22T12:28:31.947Z"}
{"level":"info","message":"Received POST request to /api/posts/create-post","service":"post-service","timestamp":"2026-02-22T12:28:46.536Z"}
{"level":"info","message":"Request body, [object Object]","service":"post-service","timestamp":"2026-02-22T12:28:46.537Z"}
{"level":"info","message":"Hit Create post endpoint...","service":"post-service","timestamp":"2026-02-22T12:28:46.540Z"}
{"level":"info","message":"Post created successfully","service":"post-service","timestamp":"2026-02-22T12:28:46.615Z"}
{"level":"info","message":"Received GET request to /api/posts/get-posts","service":"post-service","timestamp":"2026-02-22T12:31:42.133Z"}
{"level":"info","message":"Request body, [object Object]","service":"post-service","timestamp":"2026-02-22T12:31:42.134Z"}
{"level":"info","message":"Hit Get all post endpoint...","service":"post-service","timestamp":"2026-02-22T12:31:42.136Z"}
{"level":"info","message":"Connected to rabbit mq","service":"post-service","timestamp":"2026-02-23T12:46:16.242Z"}
{"level":"info","message":"Identity service running on port 3002","service":"post-service","timestamp":"2026-02-23T12:46:16.246Z"}
{"level":"info","message":"Connected to mongodb","service":"post-service","timestamp":"2026-02-23T12:46:16.835Z"}
{"level":"info","message":"Received GET request to /api/posts/get-posts","service":"post-service","timestamp":"2026-02-23T14:02:32.202Z"}
{"level":"info","message":"Request body, [object Object]","service":"post-service","timestamp":"2026-02-23T14:02:32.204Z"}
{"level":"info","message":"Hit Get all post endpoint...","service":"post-service","timestamp":"2026-02-23T14:02:32.205Z"}
{"level":"info","message":"Received POST request to /api/posts/create-post","service":"post-service","timestamp":"2026-02-24T06:40:26.685Z"}
{"level":"info","message":"Request body, [object Object]","service":"post-service","timestamp":"2026-02-24T06:40:26.694Z"}
{"level":"info","message":"Hit Create post endpoint...","service":"post-service","timestamp":"2026-02-24T06:40:26.726Z"}
{"level":"info","message":"Post created successfully","service":"post-service","timestamp":"2026-02-24T06:40:27.213Z"}
{"level":"info","message":"Received GET request to /api/posts/get-posts","service":"post-service","timestamp":"2026-02-24T06:40:31.955Z"}
{"level":"info","message":"Request body, [object Object]","service":"post-service","timestamp":"2026-02-24T06:40:31.955Z"}
{"level":"info","message":"Hit Get all post endpoint...","service":"post-service","timestamp":"2026-02-24T06:40:31.956Z"}
{"level":"info","message":"Received DELETE request to /api/posts/699d47da9a4fa447307942ea","service":"post-service","timestamp":"2026-02-24T06:43:14.919Z"}
{"level":"info","message":"Request body, [object Object]","service":"post-service","timestamp":"2026-02-24T06:43:14.920Z"}
{"level":"info","message":"Hit Delete post endpoint...","service":"post-service","timestamp":"2026-02-24T06:43:14.922Z"}
{"level":"info","message":"Received POST request to /api/posts/create-post","service":"post-service","timestamp":"2026-02-24T06:44:50.893Z"}
{"level":"info","message":"Request body, [object Object]","service":"post-service","timestamp":"2026-02-24T06:44:50.893Z"}
{"level":"info","message":"Hit Create post endpoint...","service":"post-service","timestamp":"2026-02-24T06:44:50.895Z"}
{"level":"info","message":"Post created successfully","service":"post-service","timestamp":"2026-02-24T06:44:50.943Z"}
{"level":"info","message":"Received GET request to /api/posts/get-posts","service":"post-service","timestamp":"2026-02-24T06:45:07.065Z"}
{"level":"info","message":"Request body, [object Object]","service":"post-service","timestamp":"2026-02-24T06:45:07.065Z"}
{"level":"info","message":"Hit Get all post endpoint...","service":"post-service","timestamp":"2026-02-24T06:45:07.066Z"}
{"level":"info","message":"Received DELETE request to /api/posts/699d48e29a4fa447307942ef","service":"post-service","timestamp":"2026-02-24T06:45:26.718Z"}
{"level":"info","message":"Request body, [object Object]","service":"post-service","timestamp":"2026-02-24T06:45:26.718Z"}
{"level":"info","message":"Hit Delete post endpoint...","service":"post-service","timestamp":"2026-02-24T06:45:26.718Z"}
{"level":"info","message":"Received GET request to /api/posts/get-posts","service":"post-service","timestamp":"2026-02-24T06:47:47.060Z"}
{"level":"info","message":"Request body, [object Object]","service":"post-service","timestamp":"2026-02-24T06:47:47.060Z"}
{"level":"info","message":"Hit Get all post endpoint...","service":"post-service","timestamp":"2026-02-24T06:47:47.060Z"}
{"level":"info","message":"Received POST request to /api/posts/create-post","service":"post-service","timestamp":"2026-02-24T06:47:59.988Z"}
{"level":"info","message":"Request body, [object Object]","service":"post-service","timestamp":"2026-02-24T06:47:59.988Z"}
{"level":"info","message":"Hit Create post endpoint...","service":"post-service","timestamp":"2026-02-24T06:47:59.989Z"}
{"level":"info","message":"Post created successfully","service":"post-service","timestamp":"2026-02-24T06:48:00.034Z"}
{"level":"info","message":"Received GET request to /api/posts/get-posts","service":"post-service","timestamp":"2026-02-24T06:48:03.333Z"}
{"level":"info","message":"Request body, [object Object]","service":"post-service","timestamp":"2026-02-24T06:48:03.334Z"}
{"level":"info","message":"Hit Get all post endpoint...","service":"post-service","timestamp":"2026-02-24T06:48:03.334Z"}
{"level":"info","message":"Received DELETE request to /api/posts/699d499f9a4fa447307942f6","service":"post-service","timestamp":"2026-02-24T06:48:14.291Z"}
{"level":"info","message":"Request body, [object Object]","service":"post-service","timestamp":"2026-02-24T06:48:14.291Z"}
{"level":"info","message":"Hit Delete post endpoint...","service":"post-service","timestamp":"2026-02-24T06:48:14.292Z"}
{"level":"info","message":"Connected to rabbit mq","service":"post-service","timestamp":"2026-02-24T06:48:42.500Z"}
{"level":"info","message":"Post service running on port 3002","service":"post-service","timestamp":"2026-02-24T06:48:42.503Z"}
{"level":"info","message":"Connected to mongodb","service":"post-service","timestamp":"2026-02-24T06:48:43.123Z"}
{"level":"info","message":"Received POST request to /api/posts/create-post","service":"post-service","timestamp":"2026-02-24T06:48:56.446Z"}
{"level":"info","message":"Request body, [object Object]","service":"post-service","timestamp":"2026-02-24T06:48:56.446Z"}
{"level":"info","message":"Hit Create post endpoint...","service":"post-service","timestamp":"2026-02-24T06:48:56.450Z"}
{"level":"info","message":"Post created successfully","service":"post-service","timestamp":"2026-02-24T06:48:56.511Z"}
{"level":"info","message":"Received GET request to /api/posts/get-posts","service":"post-service","timestamp":"2026-02-24T06:49:08.772Z"}
{"level":"info","message":"Request body, [object Object]","service":"post-service","timestamp":"2026-02-24T06:49:08.772Z"}
{"level":"info","message":"Hit Get all post endpoint...","service":"post-service","timestamp":"2026-02-24T06:49:08.773Z"}
{"level":"info","message":"Received DELETE request to /api/posts/699d49d889751939cbaa6286","service":"post-service","timestamp":"2026-02-24T06:49:18.163Z"}
{"level":"info","message":"Request body, [object Object]","service":"post-service","timestamp":"2026-02-24T06:49:18.164Z"}
{"level":"info","message":"Hit Delete post endpoint...","service":"post-service","timestamp":"2026-02-24T06:49:18.164Z"}
{"level":"info","message":"Event published: post.deleted","service":"post-service","timestamp":"2026-02-24T06:49:18.207Z"}
{"level":"info","message":"Connected to rabbit mq","service":"post-service","timestamp":"2026-02-24T06:54:56.663Z"}
{"level":"info","message":"Post service running on port 3002","service":"post-service","timestamp":"2026-02-24T06:54:56.667Z"}
{"level":"info","message":"Connected to mongodb","service":"post-service","timestamp":"2026-02-24T06:54:57.093Z"}
{"level":"info","message":"Received GET request to /api/posts/get-posts","service":"post-service","timestamp":"2026-02-24T06:55:31.167Z"}
{"level":"info","message":"Request body, [object Object]","service":"post-service","timestamp":"2026-02-24T06:55:31.167Z"}
{"level":"info","message":"Hit Get all post endpoint...","service":"post-service","timestamp":"2026-02-24T06:55:31.168Z"}
{"level":"info","message":"Received POST request to /api/posts/create-post","service":"post-service","timestamp":"2026-02-24T06:55:38.412Z"}
{"level":"info","message":"Request body, [object Object]","service":"post-service","timestamp":"2026-02-24T06:55:38.412Z"}
{"level":"info","message":"Hit Create post endpoint...","service":"post-service","timestamp":"2026-02-24T06:55:38.416Z"}
{"level":"info","message":"Post created successfully","service":"post-service","timestamp":"2026-02-24T06:55:38.467Z"}
{"level":"info","message":"Received GET request to /api/posts/get-posts","service":"post-service","timestamp":"2026-02-24T06:55:40.435Z"}
{"level":"info","message":"Request body, [object Object]","service":"post-service","timestamp":"2026-02-24T06:55:40.435Z"}
{"level":"info","message":"Hit Get all post endpoint...","service":"post-service","timestamp":"2026-02-24T06:55:40.436Z"}
{"level":"info","message":"Received DELETE request to /api/posts/699d4b6afe9967ada633cc13","service":"post-service","timestamp":"2026-02-24T06:55:52.031Z"}
{"level":"info","message":"Request body, [object Object]","service":"post-service","timestamp":"2026-02-24T06:55:52.032Z"}
{"level":"info","message":"Hit Delete post endpoint...","service":"post-service","timestamp":"2026-02-24T06:55:52.032Z"}
{"level":"info","message":"Event published: post.deleted","service":"post-service","timestamp":"2026-02-24T06:55:52.079Z"}
{"level":"info","message":"Received GET request to /api/posts/get-posts","service":"post-service","timestamp":"2026-02-24T06:59:36.024Z"}
{"level":"info","message":"Request body, [object Object]","service":"post-service","timestamp":"2026-02-24T06:59:36.024Z"}
{"level":"info","message":"Hit Get all post endpoint...","service":"post-service","timestamp":"2026-02-24T06:59:36.025Z"}
{"level":"info","message":"Received POST request to /api/posts/create-post","service":"post-service","timestamp":"2026-02-24T07:33:50.290Z"}
{"level":"info","message":"Request body, [object Object]","service":"post-service","timestamp":"2026-02-24T07:33:50.290Z"}
{"level":"info","message":"Hit Create post endpoint...","service":"post-service","timestamp":"2026-02-24T07:33:50.292Z"}
{"level":"info","message":"Post created successfully","service":"post-service","timestamp":"2026-02-24T07:33:50.377Z"}
{"level":"info","message":"Received GET request to /api/posts/get-posts","service":"post-service","timestamp":"2026-02-24T07:34:11.935Z"}
{"level":"info","message":"Request body, [object Object]","service":"post-service","timestamp":"2026-02-24T07:34:11.935Z"}
{"level":"info","message":"Hit Get all post endpoint...","service":"post-service","timestamp":"2026-02-24T07:34:11.936Z"}
{"level":"info","message":"Received POST request to /api/posts/create-post","service":"post-service","timestamp":"2026-02-24T07:37:02.568Z"}
{"level":"info","message":"Request body, [object Object]","service":"post-service","timestamp":"2026-02-24T07:37:02.568Z"}
{"level":"info","message":"Hit Create post endpoint...","service":"post-service","timestamp":"2026-02-24T07:37:02.569Z"}
{"level":"info","message":"Post created successfully","service":"post-service","timestamp":"2026-02-24T07:37:02.614Z"}
{"level":"info","message":"Received GET request to /api/posts/get-posts","service":"post-service","timestamp":"2026-02-24T07:37:04.742Z"}
{"level":"info","message":"Request body, [object Object]","service":"post-service","timestamp":"2026-02-24T07:37:04.743Z"}
{"level":"info","message":"Hit Get all post endpoint...","service":"post-service","timestamp":"2026-02-24T07:37:04.743Z"}
{"level":"info","message":"Received DELETE request to /api/posts/699d551efe9967ada633cc1e","service":"post-service","timestamp":"2026-02-24T07:37:50.967Z"}
{"level":"info","message":"Request body, [object Object]","service":"post-service","timestamp":"2026-02-24T07:37:50.968Z"}
{"level":"info","message":"Hit Delete post endpoint...","service":"post-service","timestamp":"2026-02-24T07:37:50.968Z"}
{"level":"info","message":"Event published: post.deleted","service":"post-service","timestamp":"2026-02-24T07:37:51.010Z"}
{"level":"info","message":"Received DELETE request to /api/posts/699d551efe9967ada633cc1e","service":"post-service","timestamp":"2026-02-24T07:45:04.168Z"}
{"level":"info","message":"Request body, [object Object]","service":"post-service","timestamp":"2026-02-24T07:45:04.168Z"}
{"level":"info","message":"Hit Delete post endpoint...","service":"post-service","timestamp":"2026-02-24T07:45:04.169Z"}
{"level":"info","message":"Received POST request to /api/posts/create-post","service":"post-service","timestamp":"2026-02-24T07:45:07.946Z"}
{"level":"info","message":"Request body, [object Object]","service":"post-service","timestamp":"2026-02-24T07:45:07.946Z"}
{"level":"info","message":"Hit Create post endpoint...","service":"post-service","timestamp":"2026-02-24T07:45:07.947Z"}
{"level":"info","message":"Post created successfully","service":"post-service","timestamp":"2026-02-24T07:45:07.994Z"}
{"level":"info","message":"Received GET request to /api/posts/get-posts","service":"post-service","timestamp":"2026-02-24T07:45:12.390Z"}
{"level":"info","message":"Request body, [object Object]","service":"post-service","timestamp":"2026-02-24T07:45:12.390Z"}
{"level":"info","message":"Hit Get all post endpoint...","service":"post-service","timestamp":"2026-02-24T07:45:12.390Z"}
{"level":"info","message":"Received DELETE request to /api/posts/699d5703fe9967ada633cc24","service":"post-service","timestamp":"2026-02-24T07:45:23.012Z"}
{"level":"info","message":"Request body, [object Object]","service":"post-service","timestamp":"2026-02-24T07:45:23.013Z"}
{"level":"info","message":"Hit Delete post endpoint...","service":"post-service","timestamp":"2026-02-24T07:45:23.013Z"}
{"level":"info","message":"Event published: post.deleted","service":"post-service","timestamp":"2026-02-24T07:45:23.052Z"}
{"level":"info","message":"Received POST request to /api/posts/create-post","service":"post-service","timestamp":"2026-02-24T07:47:50.089Z"}
{"level":"info","message":"Request body, [object Object]","service":"post-service","timestamp":"2026-02-24T07:47:50.089Z"}
{"level":"info","message":"Hit Create post endpoint...","service":"post-service","timestamp":"2026-02-24T07:47:50.090Z"}
{"level":"info","message":"Post created successfully","service":"post-service","timestamp":"2026-02-24T07:47:50.137Z"}
{"level":"info","message":"Received GET request to /api/posts/get-posts","service":"post-service","timestamp":"2026-02-24T07:47:53.128Z"}
{"level":"info","message":"Request body, [object Object]","service":"post-service","timestamp":"2026-02-24T07:47:53.128Z"}
{"level":"info","message":"Hit Get all post endpoint...","service":"post-service","timestamp":"2026-02-24T07:47:53.129Z"}
{"level":"info","message":"Received DELETE request to /api/posts/699d57a6fe9967ada633cc29","service":"post-service","timestamp":"2026-02-24T07:48:20.110Z"}
{"level":"info","message":"Request body, [object Object]","service":"post-service","timestamp":"2026-02-24T07:48:20.110Z"}
{"level":"info","message":"Hit Delete post endpoint...","service":"post-service","timestamp":"2026-02-24T07:48:20.110Z"}
{"level":"info","message":"Event published: post.deleted","service":"post-service","timestamp":"2026-02-24T07:48:20.187Z"}
{"level":"info","message":"Received GET request to /api/posts/get-posts","service":"post-service","timestamp":"2026-02-24T07:49:06.231Z"}
{"level":"info","message":"Request body, [object Object]","service":"post-service","timestamp":"2026-02-24T07:49:06.232Z"}
{"level":"info","message":"Hit Get all post endpoint...","service":"post-service","timestamp":"2026-02-24T07:49:06.232Z"}
{"level":"info","message":"Received POST request to /api/posts/create-post","service":"post-service","timestamp":"2026-02-24T07:49:09.297Z"}
{"level":"info","message":"Request body, [object Object]","service":"post-service","timestamp":"2026-02-24T07:49:09.298Z"}
{"level":"info","message":"Hit Create post endpoint...","service":"post-service","timestamp":"2026-02-24T07:49:09.298Z"}
{"level":"info","message":"Post created successfully","service":"post-service","timestamp":"2026-02-24T07:49:09.339Z"}
{"level":"info","message":"Received GET request to /api/posts/get-posts","service":"post-service","timestamp":"2026-02-24T07:49:11.671Z"}
{"level":"info","message":"Request body, [object Object]","service":"post-service","timestamp":"2026-02-24T07:49:11.671Z"}
{"level":"info","message":"Hit Get all post endpoint...","service":"post-service","timestamp":"2026-02-24T07:49:11.671Z"}
{"level":"info","message":"Received DELETE request to /api/posts/699d57f5fe9967ada633cc30","service":"post-service","timestamp":"2026-02-24T07:49:22.488Z"}
{"level":"info","message":"Request body, [object Object]","service":"post-service","timestamp":"2026-02-24T07:49:22.488Z"}
{"level":"info","message":"Hit Delete post endpoint...","service":"post-service","timestamp":"2026-02-24T07:49:22.489Z"}
{"level":"info","message":"Event published: post.deleted","service":"post-service","timestamp":"2026-02-24T07:49:22.570Z"}
{"level":"info","message":"Received POST request to /api/posts/create-post","service":"post-service","timestamp":"2026-02-24T07:52:09.709Z"}
{"level":"info","message":"Request body, [object Object]","service":"post-service","timestamp":"2026-02-24T07:52:09.709Z"}
{"level":"info","message":"Hit Create post endpoint...","service":"post-service","timestamp":"2026-02-24T07:52:09.710Z"}
{"level":"info","message":"Post created successfully","service":"post-service","timestamp":"2026-02-24T07:52:09.749Z"}
{"level":"info","message":"Received GET request to /api/posts/get-posts","service":"post-service","timestamp":"2026-02-24T07:52:18.489Z"}
{"level":"info","message":"Request body, [object Object]","service":"post-service","timestamp":"2026-02-24T07:52:18.489Z"}
{"level":"info","message":"Hit Get all post endpoint...","service":"post-service","timestamp":"2026-02-24T07:52:18.490Z"}
{"level":"info","message":"Received DELETE request to /api/posts/699d58a9fe9967ada633cc35","service":"post-service","timestamp":"2026-02-24T07:52:33.429Z"}
{"level":"info","message":"Request body, [object Object]","service":"post-service","timestamp":"2026-02-24T07:52:33.429Z"}
{"level":"info","message":"Hit Delete post endpoint...","service":"post-service","timestamp":"2026-02-24T07:52:33.430Z"}
{"level":"info","message":"Event published: post.deleted","service":"post-service","timestamp":"2026-02-24T07:52:33.505Z"}
{"level":"info","message":"Received POST request to /api/posts/create-post","service":"post-service","timestamp":"2026-02-24T07:53:51.899Z"}
{"level":"info","message":"Request body, [object Object]","service":"post-service","timestamp":"2026-02-24T07:53:51.900Z"}
{"level":"info","message":"Hit Create post endpoint...","service":"post-service","timestamp":"2026-02-24T07:53:51.900Z"}
{"level":"info","message":"Post created successfully","service":"post-service","timestamp":"2026-02-24T07:53:51.942Z"}
{"level":"info","message":"Received GET request to /api/posts/get-posts","service":"post-service","timestamp":"2026-02-24T07:53:53.474Z"}
{"level":"info","message":"Request body, [object Object]","service":"post-service","timestamp":"2026-02-24T07:53:53.474Z"}
{"level":"info","message":"Hit Get all post endpoint...","service":"post-service","timestamp":"2026-02-24T07:53:53.474Z"}
{"level":"info","message":"Received POST request to /api/posts/create-post","service":"post-service","timestamp":"2026-02-24T07:54:10.575Z"}
{"level":"info","message":"Request body, [object Object]","service":"post-service","timestamp":"2026-02-24T07:54:10.576Z"}
{"level":"info","message":"Hit Create post endpoint...","service":"post-service","timestamp":"2026-02-24T07:54:10.577Z"}
{"level":"info","message":"Post created successfully","service":"post-service","timestamp":"2026-02-24T07:54:10.619Z"}
{"level":"info","message":"Received GET request to /api/posts/get-posts","service":"post-service","timestamp":"2026-02-24T07:54:13.903Z"}
{"level":"info","message":"Request body, [object Object]","service":"post-service","timestamp":"2026-02-24T07:54:13.904Z"}
{"level":"info","message":"Hit Get all post endpoint...","service":"post-service","timestamp":"2026-02-24T07:54:13.904Z"}
{"level":"info","message":"Received GET request to /api/posts/get-posts","service":"post-service","timestamp":"2026-02-24T07:54:53.435Z"}
{"level":"info","message":"Request body, [object Object]","service":"post-service","timestamp":"2026-02-24T07:54:53.435Z"}
{"level":"info","message":"Hit Get all post endpoint...","service":"post-service","timestamp":"2026-02-24T07:54:53.436Z"}
{"level":"info","message":"Received GET request to /api/posts/get-posts","service":"post-service","timestamp":"2026-02-24T07:54:59.217Z"}
{"level":"info","message":"Request body, [object Object]","service":"post-service","timestamp":"2026-02-24T07:54:59.217Z"}
{"level":"info","message":"Hit Get all post endpoint...","service":"post-service","timestamp":"2026-02-24T07:54:59.218Z"}
{"level":"info","message":"Received GET request to /api/posts/get-posts","service":"post-service","timestamp":"2026-02-24T07:55:16.691Z"}
{"level":"info","message":"Request body, [object Object]","service":"post-service","timestamp":"2026-02-24T07:55:16.692Z"}
{"level":"info","message":"Hit Get all post endpoint...","service":"post-service","timestamp":"2026-02-24T07:55:16.692Z"}
{"level":"info","message":"Received DELETE request to /api/posts/699d5922fe9967ada633cc3e","service":"post-service","timestamp":"2026-02-24T07:55:28.489Z"}
{"level":"info","message":"Request body, [object Object]","service":"post-service","timestamp":"2026-02-24T07:55:28.490Z"}
{"level":"info","message":"Hit Delete post endpoint...","service":"post-service","timestamp":"2026-02-24T07:55:28.490Z"}
{"level":"info","message":"Received GET request to /api/posts/get-posts","service":"post-service","timestamp":"2026-02-24T07:55:33.779Z"}
{"level":"info","message":"Request body, [object Object]","service":"post-service","timestamp":"2026-02-24T07:55:33.780Z"}
{"level":"info","message":"Hit Get all post endpoint...","service":"post-service","timestamp":"2026-02-24T07:55:33.780Z"}
{"level":"info","message":"Received DELETE request to /api/posts/699d590ffe9967ada633cc3a","service":"post-service","timestamp":"2026-02-24T07:55:47.649Z"}
{"level":"info","message":"Request body, [object Object]","service":"post-service","timestamp":"2026-02-24T07:55:47.649Z"}
{"level":"info","message":"Hit Delete post endpoint...","service":"post-service","timestamp":"2026-02-24T07:55:47.649Z"}
{"level":"info","message":"Event published: post.deleted","service":"post-service","timestamp":"2026-02-24T07:55:47.703Z"}
{"level":"info","message":"Received GET request to /api/posts/get-posts","service":"post-service","timestamp":"2026-02-24T07:56:30.739Z"}
{"level":"info","message":"Request body, [object Object]","service":"post-service","timestamp":"2026-02-24T07:56:30.739Z"}
{"level":"info","message":"Hit Get all post endpoint...","service":"post-service","timestamp":"2026-02-24T07:56:30.740Z"}
