{"level":"info","message":"Media service running on port 3003","service":"media-service","timestamp":"2026-02-22T11:42:46.375Z"}
{"level":"info","message":"Connected to mongodb","service":"media-service","timestamp":"2026-02-22T11:42:46.918Z"}
{"level":"info","message":"Received POST request to /api/media/upload","service":"media-service","timestamp":"2026-02-22T12:19:01.298Z"}
{"level":"info","message":"Request body, undefined","service":"media-service","timestamp":"2026-02-22T12:19:01.299Z"}
{"level":"error","message":"Unknown error occured while uploading: Multipart: Boundary not found","service":"media-service","stack":"Error: Multipart: Boundary not found\n    at new Multipart (C:\\Documents Windows\\Coding Stuff\\social-media-microservices\\media-service\\node_modules\\busboy\\lib\\types\\multipart.js:233:13)\n    at getInstance (C:\\Documents Windows\\Coding Stuff\\social-media-microservices\\media-service\\node_modules\\busboy\\lib\\index.js:33:12)\n    at module.exports (C:\\Documents Windows\\Coding Stuff\\social-media-microservices\\media-service\\node_modules\\busboy\\lib\\index.js:56:10)\n    at multerMiddleware (C:\\Documents Windows\\Coding Stuff\\social-media-microservices\\media-service\\node_modules\\multer\\lib\\make-middleware.js:38:16)\n    at C:\\Documents Windows\\Coding Stuff\\social-media-microservices\\media-service\\src\\routes\\media-routes.js:21:9\n    at Layer.handleRequest (C:\\Documents Windows\\Coding Stuff\\social-media-microservices\\media-service\\node_modules\\router\\lib\\layer.js:152:17)\n    at next (C:\\Documents Windows\\Coding Stuff\\social-media-microservices\\media-service\\node_modules\\router\\lib\\route.js:157:13)\n    at authenticateRequest (C:\\Documents Windows\\Coding Stuff\\social-media-microservices\\media-service\\src\\middleware\\authMiddleware.js:15:5)\n    at Layer.handleRequest (C:\\Documents Windows\\Coding Stuff\\social-media-microservices\\media-service\\node_modules\\router\\lib\\layer.js:152:17)\n    at next (C:\\Documents Windows\\Coding Stuff\\social-media-microservices\\media-service\\node_modules\\router\\lib\\route.js:157:13)","timestamp":"2026-02-22T12:19:01.308Z"}
{"level":"info","message":"Media service running on port 3003","service":"media-service","timestamp":"2026-02-22T12:22:13.073Z"}
{"level":"info","message":"Connected to mongodb","service":"media-service","timestamp":"2026-02-22T12:22:13.613Z"}
{"level":"info","message":"Received POST request to /api/media/upload","service":"media-service","timestamp":"2026-02-22T12:22:40.800Z"}
{"level":"info","message":"Request body, undefined","service":"media-service","timestamp":"2026-02-22T12:22:40.801Z"}
{"level":"info","message":"Media upload starting...","service":"media-service","timestamp":"2026-02-22T12:22:40.812Z"}
{"level":"info","message":"File details: name=cat-meme2.jpg, type=image/jpeg","service":"media-service","timestamp":"2026-02-22T12:22:40.813Z"}
{"level":"info","message":"Uploading to cloudinary starting...","service":"media-service","timestamp":"2026-02-22T12:22:40.814Z"}
{"level":"info","message":"Cloudinary upload successfully. Public Id: - social-media-microservice-project/qp8mc6x2vj2c0mjyh5no","service":"media-service","timestamp":"2026-02-22T12:22:42.818Z"}
{"level":"info","message":"Media service running on port 3003","service":"media-service","timestamp":"2026-02-22T12:23:29.784Z"}
{"level":"info","message":"Connected to mongodb","service":"media-service","timestamp":"2026-02-22T12:23:30.328Z"}
{"level":"info","message":"Media service running on port 3003","service":"media-service","timestamp":"2026-02-22T12:28:15.950Z"}
{"level":"info","message":"Connected to mongodb","service":"media-service","timestamp":"2026-02-22T12:28:16.530Z"}
{"level":"info","message":"Media service running on port 3003","service":"media-service","timestamp":"2026-02-23T10:42:16.529Z"}
{"level":"info","message":"Connected to mongodb","service":"media-service","timestamp":"2026-02-23T10:42:17.254Z"}
{"level":"info","message":"Media service running on port 3003","service":"media-service","timestamp":"2026-02-23T12:49:24.379Z"}
{"level":"info","message":"Connected to mongodb","service":"media-service","timestamp":"2026-02-23T12:49:24.919Z"}
{"level":"info","message":"Media service running on port 3003","service":"media-service","timestamp":"2026-02-23T12:49:39.755Z"}
{"level":"info","message":"Connected to mongodb","service":"media-service","timestamp":"2026-02-23T12:49:40.295Z"}
{"level":"info","message":"Media service running on port 3003","service":"media-service","timestamp":"2026-02-23T12:57:51.167Z"}
{"level":"info","message":"Connected to mongodb","service":"media-service","timestamp":"2026-02-23T12:57:51.796Z"}
{"level":"info","message":"Received POST request to /api/media/upload","service":"media-service","timestamp":"2026-02-23T12:58:14.266Z"}
{"level":"info","message":"Request body, undefined","service":"media-service","timestamp":"2026-02-23T12:58:14.267Z"}
{"level":"error","message":"Unknown error occured while uploading: Multipart: Boundary not found","service":"media-service","stack":"Error: Multipart: Boundary not found\n    at new Multipart (C:\\Documents Windows\\Coding Stuff\\social-media-microservices\\media-service\\node_modules\\busboy\\lib\\types\\multipart.js:233:13)\n    at getInstance (C:\\Documents Windows\\Coding Stuff\\social-media-microservices\\media-service\\node_modules\\busboy\\lib\\index.js:33:12)\n    at module.exports (C:\\Documents Windows\\Coding Stuff\\social-media-microservices\\media-service\\node_modules\\busboy\\lib\\index.js:56:10)\n    at multerMiddleware (C:\\Documents Windows\\Coding Stuff\\social-media-microservices\\media-service\\node_modules\\multer\\lib\\make-middleware.js:38:16)\n    at C:\\Documents Windows\\Coding Stuff\\social-media-microservices\\media-service\\src\\routes\\media-routes.js:21:9\n    at Layer.handleRequest (C:\\Documents Windows\\Coding Stuff\\social-media-microservices\\media-service\\node_modules\\router\\lib\\layer.js:152:17)\n    at next (C:\\Documents Windows\\Coding Stuff\\social-media-microservices\\media-service\\node_modules\\router\\lib\\route.js:157:13)\n    at authenticateRequest (C:\\Documents Windows\\Coding Stuff\\social-media-microservices\\media-service\\src\\middleware\\authMiddleware.js:15:5)\n    at Layer.handleRequest (C:\\Documents Windows\\Coding Stuff\\social-media-microservices\\media-service\\node_modules\\router\\lib\\layer.js:152:17)\n    at next (C:\\Documents Windows\\Coding Stuff\\social-media-microservices\\media-service\\node_modules\\router\\lib\\route.js:157:13)","timestamp":"2026-02-23T12:58:14.272Z"}
{"level":"info","message":"Received GET request to /api/media/get-all-media","service":"media-service","timestamp":"2026-02-23T13:02:32.473Z"}
{"level":"info","message":"Request body, undefined","service":"media-service","timestamp":"2026-02-23T13:02:32.474Z"}
{"level":"info","message":"Received GET request to /api/media/get-all-media","service":"media-service","timestamp":"2026-02-23T13:03:12.908Z"}
{"level":"info","message":"Request body, undefined","service":"media-service","timestamp":"2026-02-23T13:03:12.908Z"}
{"level":"info","message":"Received GET request to /api/media/get-all-media","service":"media-service","timestamp":"2026-02-23T13:03:38.684Z"}
{"level":"info","message":"Request body, undefined","service":"media-service","timestamp":"2026-02-23T13:03:38.685Z"}
{"level":"info","message":"Received GET request to /api/media/get-all-media","service":"media-service","timestamp":"2026-02-23T13:04:13.819Z"}
{"level":"info","message":"Request body, undefined","service":"media-service","timestamp":"2026-02-23T13:04:13.820Z"}
{"level":"info","message":"Received GET request to /api/media/get-all-media","service":"media-service","timestamp":"2026-02-23T13:05:30.891Z"}
{"level":"info","message":"Request body, undefined","service":"media-service","timestamp":"2026-02-23T13:05:30.892Z"}
{"level":"info","message":"Received GET request to /api/media/get-all-media","service":"media-service","timestamp":"2026-02-23T13:08:07.224Z"}
{"level":"info","message":"Request body, undefined","service":"media-service","timestamp":"2026-02-23T13:08:07.224Z"}
{"level":"info","message":"Received GET request to /api/media/get-all-media","service":"media-service","timestamp":"2026-02-23T13:08:54.990Z"}
{"level":"info","message":"Request body, undefined","service":"media-service","timestamp":"2026-02-23T13:08:54.991Z"}
{"level":"info","message":"Media service running on port 3003","service":"media-service","timestamp":"2026-02-23T13:42:00.988Z"}
{"level":"info","message":"Connected to mongodb","service":"media-service","timestamp":"2026-02-23T13:42:01.736Z"}
{"level":"info","message":"Received GET request to /api/media/get-all-media","service":"media-service","timestamp":"2026-02-23T13:42:24.319Z"}
{"level":"info","message":"Request body, undefined","service":"media-service","timestamp":"2026-02-23T13:42:24.319Z"}
{"level":"info","message":"Media service running on port 3003","service":"media-service","timestamp":"2026-02-23T13:44:15.305Z"}
{"level":"info","message":"Connected to mongodb","service":"media-service","timestamp":"2026-02-23T13:44:15.911Z"}
{"level":"info","message":"Media service running on port 3003","service":"media-service","timestamp":"2026-02-23T13:45:58.454Z"}
{"level":"info","message":"Connected to mongodb","service":"media-service","timestamp":"2026-02-23T13:45:58.937Z"}
{"level":"info","message":"Received GET request to /api/media/get-all-media","service":"media-service","timestamp":"2026-02-23T13:46:03.407Z"}
{"level":"info","message":"Request body, undefined","service":"media-service","timestamp":"2026-02-23T13:46:03.408Z"}
{"level":"info","message":"Received POST request to /api/media/upload","service":"media-service","timestamp":"2026-02-23T13:47:02.494Z"}
{"level":"info","message":"Request body, undefined","service":"media-service","timestamp":"2026-02-23T13:47:02.495Z"}
{"level":"info","message":"Media upload starting...","service":"media-service","timestamp":"2026-02-23T13:47:02.515Z"}
{"level":"info","message":"File details: name=cat meme lol.png, type=image/png","service":"media-service","timestamp":"2026-02-23T13:47:02.516Z"}
{"level":"info","message":"Uploading to cloudinary starting...","service":"media-service","timestamp":"2026-02-23T13:47:02.517Z"}
{"level":"info","message":"Cloudinary upload successfully. Public Id: - social-media-microservice-project/ilklfqj0lj8uqkclilqi","service":"media-service","timestamp":"2026-02-23T13:47:04.636Z"}
{"level":"info","message":"Received GET request to /api/media/get-all-media","service":"media-service","timestamp":"2026-02-23T13:47:07.620Z"}
{"level":"info","message":"Request body, undefined","service":"media-service","timestamp":"2026-02-23T13:47:07.620Z"}
{"level":"info","message":"Media service running on port 3003","service":"media-service","timestamp":"2026-02-23T13:47:57.872Z"}
{"level":"info","message":"Connected to mongodb","service":"media-service","timestamp":"2026-02-23T13:47:58.463Z"}
{"level":"info","message":"Media service running on port 3003","service":"media-service","timestamp":"2026-02-23T13:48:04.089Z"}
{"level":"info","message":"Connected to mongodb","service":"media-service","timestamp":"2026-02-23T13:48:04.729Z"}
{"level":"info","message":"Media service running on port 3003","service":"media-service","timestamp":"2026-02-23T14:15:42.376Z"}
{"level":"info","message":"Connected to mongodb","service":"media-service","timestamp":"2026-02-23T14:15:43.357Z"}
{"level":"info","message":"Media service running on port 3003","service":"media-service","timestamp":"2026-02-23T14:15:46.408Z"}
{"level":"info","message":"Connected to mongodb","service":"media-service","timestamp":"2026-02-23T14:15:47.160Z"}
{"level":"info","message":"Media service running on port 3003","service":"media-service","timestamp":"2026-02-23T14:16:04.479Z"}
{"level":"info","message":"Connected to mongodb","service":"media-service","timestamp":"2026-02-23T14:16:05.086Z"}
{"level":"info","message":"Media service running on port 3003","service":"media-service","timestamp":"2026-02-23T14:16:11.718Z"}
{"level":"info","message":"Connected to mongodb","service":"media-service","timestamp":"2026-02-23T14:16:12.500Z"}
{"level":"info","message":"Media service running on port 3003","service":"media-service","timestamp":"2026-02-23T14:16:17.257Z"}
{"level":"info","message":"Connected to mongodb","service":"media-service","timestamp":"2026-02-23T14:16:17.949Z"}
{"level":"info","message":"Media service running on port 3003","service":"media-service","timestamp":"2026-02-23T14:16:37.304Z"}
{"level":"info","message":"Connected to mongodb","service":"media-service","timestamp":"2026-02-23T14:16:37.845Z"}
{"level":"info","message":"Media service running on port 3003","service":"media-service","timestamp":"2026-02-23T14:16:44.270Z"}
{"level":"info","message":"Connected to mongodb","service":"media-service","timestamp":"2026-02-23T14:16:44.812Z"}
{"level":"info","message":"Media service running on port 3003","service":"media-service","timestamp":"2026-02-23T14:17:13.561Z"}
{"level":"info","message":"Connected to mongodb","service":"media-service","timestamp":"2026-02-23T14:17:14.118Z"}
{"level":"info","message":"Media service running on port 3003","service":"media-service","timestamp":"2026-02-23T14:17:17.742Z"}
{"level":"info","message":"Connected to mongodb","service":"media-service","timestamp":"2026-02-23T14:17:18.262Z"}
{"level":"info","message":"Media service running on port 3003","service":"media-service","timestamp":"2026-02-23T14:17:46.668Z"}
{"level":"info","message":"Connected to mongodb","service":"media-service","timestamp":"2026-02-23T14:17:47.491Z"}
{"level":"info","message":"Media service running on port 3003","service":"media-service","timestamp":"2026-02-23T14:18:03.904Z"}
{"level":"info","message":"Connected to mongodb","service":"media-service","timestamp":"2026-02-23T14:18:04.385Z"}
{"level":"info","message":"Media service running on port 3003","service":"media-service","timestamp":"2026-02-23T14:18:23.517Z"}
{"level":"info","message":"Connected to mongodb","service":"media-service","timestamp":"2026-02-23T14:18:24.161Z"}
{"level":"info","message":"Media service running on port 3003","service":"media-service","timestamp":"2026-02-23T14:19:05.876Z"}
{"level":"info","message":"Connected to mongodb","service":"media-service","timestamp":"2026-02-23T14:19:06.524Z"}
{"level":"info","message":"Media service running on port 3003","service":"media-service","timestamp":"2026-02-23T14:19:22.765Z"}
{"level":"info","message":"Connected to mongodb","service":"media-service","timestamp":"2026-02-23T14:19:23.332Z"}
{"level":"info","message":"Media service running on port 3003","service":"media-service","timestamp":"2026-02-23T14:19:49.372Z"}
{"level":"info","message":"Connected to mongodb","service":"media-service","timestamp":"2026-02-23T14:19:49.937Z"}
{"level":"info","message":"Media service running on port 3003","service":"media-service","timestamp":"2026-02-23T14:21:49.094Z"}
{"level":"info","message":"Connected to mongodb","service":"media-service","timestamp":"2026-02-23T14:21:49.866Z"}
{"level":"info","message":"Media service running on port 3003","service":"media-service","timestamp":"2026-02-23T14:21:53.502Z"}
{"level":"info","message":"Connected to mongodb","service":"media-service","timestamp":"2026-02-23T14:21:54.037Z"}
{"level":"info","message":"Media service running on port 3003","service":"media-service","timestamp":"2026-02-23T14:22:05.634Z"}
{"level":"info","message":"Connected to mongodb","service":"media-service","timestamp":"2026-02-23T14:22:06.156Z"}
{"level":"info","message":"Media service running on port 3003","service":"media-service","timestamp":"2026-02-23T14:22:09.522Z"}
{"level":"info","message":"Connected to mongodb","service":"media-service","timestamp":"2026-02-23T14:22:10.130Z"}
{"level":"info","message":"Media service running on port 3003","service":"media-service","timestamp":"2026-02-23T14:23:45.999Z"}
{"level":"info","message":"Connected to mongodb","service":"media-service","timestamp":"2026-02-23T14:23:46.538Z"}
{"level":"info","message":"Media service running on port 3003","service":"media-service","timestamp":"2026-02-23T14:24:21.872Z"}
{"level":"info","message":"Connected to mongodb","service":"media-service","timestamp":"2026-02-23T14:24:22.467Z"}
{"level":"info","message":"Media service running on port 3003","service":"media-service","timestamp":"2026-02-23T14:25:05.169Z"}
{"level":"info","message":"Connected to mongodb","service":"media-service","timestamp":"2026-02-23T14:25:05.750Z"}
{"level":"info","message":"Media service running on port 3003","service":"media-service","timestamp":"2026-02-23T14:25:18.686Z"}
{"level":"info","message":"Connected to mongodb","service":"media-service","timestamp":"2026-02-23T14:25:19.288Z"}
{"level":"info","message":"Media service running on port 3003","service":"media-service","timestamp":"2026-02-23T14:28:58.726Z"}
{"level":"info","message":"Connected to mongodb","service":"media-service","timestamp":"2026-02-23T14:28:59.230Z"}
{"level":"info","message":"Media service running on port 3003","service":"media-service","timestamp":"2026-02-23T14:29:35.906Z"}
{"level":"info","message":"Connected to mongodb","service":"media-service","timestamp":"2026-02-23T14:29:36.435Z"}
{"level":"info","message":"Media service running on port 3003","service":"media-service","timestamp":"2026-02-23T14:29:40.095Z"}
{"level":"info","message":"Connected to mongodb","service":"media-service","timestamp":"2026-02-23T14:29:40.754Z"}
{"level":"info","message":"Media service running on port 3003","service":"media-service","timestamp":"2026-02-23T14:29:54.836Z"}
{"level":"info","message":"Connected to mongodb","service":"media-service","timestamp":"2026-02-23T14:29:55.502Z"}
{"level":"info","message":"Media service running on port 3003","service":"media-service","timestamp":"2026-02-23T14:29:57.468Z"}
{"level":"info","message":"Connected to mongodb","service":"media-service","timestamp":"2026-02-23T14:29:58.015Z"}
{"level":"info","message":"Media service running on port 3003","service":"media-service","timestamp":"2026-02-23T14:30:17.288Z"}
{"level":"info","message":"Connected to mongodb","service":"media-service","timestamp":"2026-02-23T14:30:17.880Z"}
{"level":"info","message":"Connected to rabbit mq","service":"media-service","timestamp":"2026-02-23T14:30:19.532Z"}
{"level":"info","message":"Media service running on port 3003","service":"media-service","timestamp":"2026-02-23T14:30:19.538Z"}
{"level":"info","message":"Connected to mongodb","service":"media-service","timestamp":"2026-02-23T14:30:20.078Z"}
{"level":"info","message":"Connected to rabbit mq","service":"media-service","timestamp":"2026-02-23T14:31:36.363Z"}
{"level":"info","message":"Media service running on port 3003","service":"media-service","timestamp":"2026-02-23T14:31:36.367Z"}
{"level":"info","message":"Connected to mongodb","service":"media-service","timestamp":"2026-02-23T14:31:37.019Z"}
{"level":"info","message":"Connected to rabbit mq","service":"media-service","timestamp":"2026-02-23T14:31:47.018Z"}
{"level":"info","message":"Subscribed to event: post.delete","service":"media-service","timestamp":"2026-02-23T14:31:47.147Z"}
{"level":"info","message":"Media service running on port 3003","service":"media-service","timestamp":"2026-02-23T14:31:47.150Z"}
{"level":"info","message":"Connected to mongodb","service":"media-service","timestamp":"2026-02-23T14:31:47.520Z"}
{"level":"info","message":"Connected to rabbit mq","service":"media-service","timestamp":"2026-02-23T14:32:52.336Z"}
{"level":"info","message":"Subscribed to event: post.delete","service":"media-service","timestamp":"2026-02-23T14:32:52.353Z"}
{"level":"info","message":"Media service running on port 3003","service":"media-service","timestamp":"2026-02-23T14:32:52.355Z"}
{"level":"info","message":"Connected to mongodb","service":"media-service","timestamp":"2026-02-23T14:32:52.896Z"}
{"level":"info","message":"Connected to rabbit mq","service":"media-service","timestamp":"2026-02-23T14:33:09.795Z"}
{"level":"info","message":"Subscribed to event: post.delete","service":"media-service","timestamp":"2026-02-23T14:33:09.809Z"}
{"level":"info","message":"Media service running on port 3003","service":"media-service","timestamp":"2026-02-23T14:33:09.812Z"}
{"level":"info","message":"Connected to mongodb","service":"media-service","timestamp":"2026-02-23T14:33:10.330Z"}
{"level":"info","message":"Connected to rabbit mq","service":"media-service","timestamp":"2026-02-23T14:33:42.955Z"}
{"level":"info","message":"Subscribed to event: post.delete","service":"media-service","timestamp":"2026-02-23T14:33:42.968Z"}
{"level":"info","message":"Media service running on port 3003","service":"media-service","timestamp":"2026-02-23T14:33:42.970Z"}
{"level":"info","message":"Connected to mongodb","service":"media-service","timestamp":"2026-02-23T14:33:43.563Z"}
{"level":"info","message":"Connected to rabbit mq","service":"media-service","timestamp":"2026-02-23T14:34:02.779Z"}
{"level":"info","message":"Subscribed to event: post.delete","service":"media-service","timestamp":"2026-02-23T14:34:02.795Z"}
{"level":"info","message":"Media service running on port 3003","service":"media-service","timestamp":"2026-02-23T14:34:02.797Z"}
{"level":"info","message":"Connected to mongodb","service":"media-service","timestamp":"2026-02-23T14:34:03.266Z"}
{"level":"info","message":"Connected to rabbit mq","service":"media-service","timestamp":"2026-02-23T14:38:43.998Z"}
{"level":"info","message":"Subscribed to event: post.delete","service":"media-service","timestamp":"2026-02-23T14:38:44.016Z"}
{"level":"info","message":"Media service running on port 3003","service":"media-service","timestamp":"2026-02-23T14:38:44.019Z"}
{"level":"info","message":"Connected to mongodb","service":"media-service","timestamp":"2026-02-23T14:38:44.550Z"}
{"level":"info","message":"Received GET request to /api/media/get-all-media","service":"media-service","timestamp":"2026-02-24T06:38:26.856Z"}
{"level":"info","message":"Request body, undefined","service":"media-service","timestamp":"2026-02-24T06:38:26.868Z"}
{"level":"info","message":"Received POST request to /api/media/upload","service":"media-service","timestamp":"2026-02-24T06:38:46.177Z"}
{"level":"info","message":"Request body, undefined","service":"media-service","timestamp":"2026-02-24T06:38:46.178Z"}
{"level":"info","message":"Media upload starting...","service":"media-service","timestamp":"2026-02-24T06:38:46.189Z"}
{"level":"info","message":"File details: name=pig.jpeg, type=image/jpeg","service":"media-service","timestamp":"2026-02-24T06:38:46.189Z"}
{"level":"info","message":"Uploading to cloudinary starting...","service":"media-service","timestamp":"2026-02-24T06:38:46.190Z"}
{"level":"info","message":"Cloudinary upload successfully. Public Id: - social-media-microservice-project/btztme0vkqc91l4fdsuq","service":"media-service","timestamp":"2026-02-24T06:38:48.131Z"}
{"level":"info","message":"Received GET request to /api/media/get-all-media","service":"media-service","timestamp":"2026-02-24T06:38:52.007Z"}
{"level":"info","message":"Request body, undefined","service":"media-service","timestamp":"2026-02-24T06:38:52.007Z"}
{"level":"info","message":"Connected to rabbit mq","service":"media-service","timestamp":"2026-02-24T06:44:11.798Z"}
{"level":"info","message":"Subscribed to event: post.delete","service":"media-service","timestamp":"2026-02-24T06:44:11.816Z"}
{"level":"info","message":"Media service running on port 3003","service":"media-service","timestamp":"2026-02-24T06:44:11.818Z"}
{"level":"info","message":"Connected to mongodb","service":"media-service","timestamp":"2026-02-24T06:44:12.321Z"}
{"level":"info","message":"Received POST request to /api/media/upload","service":"media-service","timestamp":"2026-02-24T06:44:21.055Z"}
{"level":"info","message":"Request body, undefined","service":"media-service","timestamp":"2026-02-24T06:44:21.056Z"}
{"level":"info","message":"Media upload starting...","service":"media-service","timestamp":"2026-02-24T06:44:21.062Z"}
{"level":"info","message":"File details: name=pig.jpeg, type=image/jpeg","service":"media-service","timestamp":"2026-02-24T06:44:21.062Z"}
{"level":"info","message":"Uploading to cloudinary starting...","service":"media-service","timestamp":"2026-02-24T06:44:21.063Z"}
{"level":"info","message":"Cloudinary upload successfully. Public Id: - social-media-microservice-project/kvxhm13yaym8zytcfpoj","service":"media-service","timestamp":"2026-02-24T06:44:22.805Z"}
{"level":"info","message":"Received GET request to /api/media/get-all-media","service":"media-service","timestamp":"2026-02-24T06:45:00.339Z"}
{"level":"info","message":"Request body, undefined","service":"media-service","timestamp":"2026-02-24T06:45:00.339Z"}
{"level":"info","message":"Connected to rabbit mq","service":"media-service","timestamp":"2026-02-24T06:47:41.033Z"}
{"level":"info","message":"Subscribed to event: post.deleted","service":"media-service","timestamp":"2026-02-24T06:47:41.046Z"}
{"level":"info","message":"Media service running on port 3003","service":"media-service","timestamp":"2026-02-24T06:47:41.049Z"}
{"level":"info","message":"Connected to mongodb","service":"media-service","timestamp":"2026-02-24T06:47:41.477Z"}
{"level":"info","message":"Received GET request to /api/media/get-all-media","service":"media-service","timestamp":"2026-02-24T06:49:03.472Z"}
{"level":"info","message":"Request body, undefined","service":"media-service","timestamp":"2026-02-24T06:49:03.473Z"}
{"level":"info","message":"Connected to rabbit mq","service":"media-service","timestamp":"2026-02-24T06:50:44.393Z"}
{"level":"info","message":"Subscribed to event: post.deleted","service":"media-service","timestamp":"2026-02-24T06:50:44.440Z"}
{"level":"info","message":"Media service running on port 3003","service":"media-service","timestamp":"2026-02-24T06:50:44.443Z"}
{"level":"info","message":"Connected to mongodb","service":"media-service","timestamp":"2026-02-24T06:50:44.982Z"}
{"level":"info","message":"Connected to rabbit mq","service":"media-service","timestamp":"2026-02-24T06:50:54.241Z"}
{"level":"info","message":"Subscribed to event: post.deleted","service":"media-service","timestamp":"2026-02-24T06:50:54.255Z"}
{"level":"info","message":"Media service running on port 3003","service":"media-service","timestamp":"2026-02-24T06:50:54.257Z"}
{"level":"info","message":"Connected to mongodb","service":"media-service","timestamp":"2026-02-24T06:50:54.847Z"}
{"level":"info","message":"Connected to rabbit mq","service":"media-service","timestamp":"2026-02-24T06:54:16.702Z"}
{"level":"info","message":"Subscribed to event: post.deleted","service":"media-service","timestamp":"2026-02-24T06:54:16.718Z"}
{"level":"info","message":"Media service running on port 3003","service":"media-service","timestamp":"2026-02-24T06:54:16.720Z"}
{"level":"info","message":"Connected to mongodb","service":"media-service","timestamp":"2026-02-24T06:54:17.423Z"}
{"level":"info","message":"Connected to rabbit mq","service":"media-service","timestamp":"2026-02-24T06:54:26.986Z"}
{"level":"info","message":"Subscribed to event: post.deleted","service":"media-service","timestamp":"2026-02-24T06:54:27.001Z"}
{"level":"info","message":"Media service running on port 3003","service":"media-service","timestamp":"2026-02-24T06:54:27.003Z"}
{"level":"info","message":"Connected to mongodb","service":"media-service","timestamp":"2026-02-24T06:54:27.534Z"}
{"level":"info","message":"Connected to rabbit mq","service":"media-service","timestamp":"2026-02-24T06:55:01.923Z"}
{"level":"info","message":"Subscribed to event: post.deleted","service":"media-service","timestamp":"2026-02-24T06:55:01.937Z"}
{"level":"info","message":"Media service running on port 3003","service":"media-service","timestamp":"2026-02-24T06:55:01.939Z"}
{"level":"info","message":"Connected to mongodb","service":"media-service","timestamp":"2026-02-24T06:55:02.402Z"}
{"level":"info","message":"Connected to rabbit mq","service":"media-service","timestamp":"2026-02-24T06:56:15.215Z"}
{"level":"info","message":"Subscribed to event: post.deleted","service":"media-service","timestamp":"2026-02-24T06:56:15.239Z"}
{"level":"info","message":"Media service running on port 3003","service":"media-service","timestamp":"2026-02-24T06:56:15.242Z"}
{"level":"info","message":"Connected to mongodb","service":"media-service","timestamp":"2026-02-24T06:56:15.927Z"}
{"level":"info","message":"Connected to rabbit mq","service":"media-service","timestamp":"2026-02-24T06:56:34.263Z"}
{"level":"info","message":"Subscribed to event: post.deleted","service":"media-service","timestamp":"2026-02-24T06:56:34.304Z"}
{"level":"info","message":"Media service running on port 3003","service":"media-service","timestamp":"2026-02-24T06:56:34.306Z"}
{"level":"info","message":"Connected to mongodb","service":"media-service","timestamp":"2026-02-24T06:56:34.753Z"}
{"level":"info","message":"Connected to rabbit mq","service":"media-service","timestamp":"2026-02-24T06:56:36.953Z"}
{"level":"info","message":"Subscribed to event: post.deleted","service":"media-service","timestamp":"2026-02-24T06:56:36.967Z"}
{"level":"info","message":"Media service running on port 3003","service":"media-service","timestamp":"2026-02-24T06:56:36.970Z"}
{"level":"info","message":"Connected to mongodb","service":"media-service","timestamp":"2026-02-24T06:56:37.496Z"}
{"level":"info","message":"Connected to rabbit mq","service":"media-service","timestamp":"2026-02-24T06:56:38.616Z"}
{"level":"info","message":"Subscribed to event: post.deleted","service":"media-service","timestamp":"2026-02-24T06:56:38.636Z"}
{"level":"info","message":"Media service running on port 3003","service":"media-service","timestamp":"2026-02-24T06:56:38.638Z"}
{"level":"info","message":"Connected to mongodb","service":"media-service","timestamp":"2026-02-24T06:56:39.040Z"}
{"level":"info","message":"Connected to rabbit mq","service":"media-service","timestamp":"2026-02-24T06:58:04.600Z"}
{"level":"info","message":"Subscribed to event: post.deleted","service":"media-service","timestamp":"2026-02-24T06:58:04.619Z"}
{"level":"info","message":"Media service running on port 3003","service":"media-service","timestamp":"2026-02-24T06:58:04.622Z"}
{"level":"info","message":"Connected to mongodb","service":"media-service","timestamp":"2026-02-24T06:58:05.268Z"}
{"level":"info","message":"Connected to rabbit mq","service":"media-service","timestamp":"2026-02-24T07:00:00.753Z"}
{"level":"info","message":"Subscribed to event: post.deleted","service":"media-service","timestamp":"2026-02-24T07:00:00.771Z"}
{"level":"info","message":"Media service running on port 3003","service":"media-service","timestamp":"2026-02-24T07:00:00.773Z"}
{"level":"info","message":"Connected to mongodb","service":"media-service","timestamp":"2026-02-24T07:00:01.263Z"}
{"level":"info","message":"Connected to rabbit mq","service":"media-service","timestamp":"2026-02-24T07:00:27.929Z"}
{"level":"info","message":"Subscribed to event: post.deleted","service":"media-service","timestamp":"2026-02-24T07:00:27.945Z"}
{"level":"info","message":"Media service running on port 3003","service":"media-service","timestamp":"2026-02-24T07:00:27.949Z"}
{"level":"info","message":"Connected to mongodb","service":"media-service","timestamp":"2026-02-24T07:00:28.531Z"}
{"level":"info","message":"Connected to rabbit mq","service":"media-service","timestamp":"2026-02-24T07:02:56.696Z"}
{"level":"info","message":"Subscribed to event: post.deleted","service":"media-service","timestamp":"2026-02-24T07:02:56.711Z"}
{"level":"info","message":"Media service running on port 3003","service":"media-service","timestamp":"2026-02-24T07:02:56.714Z"}
{"level":"info","message":"Connected to mongodb","service":"media-service","timestamp":"2026-02-24T07:02:57.212Z"}
{"level":"info","message":"Connected to rabbit mq","service":"media-service","timestamp":"2026-02-24T07:03:03.524Z"}
{"level":"info","message":"Subscribed to event: post.deleted","service":"media-service","timestamp":"2026-02-24T07:03:03.538Z"}
{"level":"info","message":"Media service running on port 3003","service":"media-service","timestamp":"2026-02-24T07:03:03.540Z"}
{"level":"info","message":"Connected to mongodb","service":"media-service","timestamp":"2026-02-24T07:03:04.180Z"}
{"level":"info","message":"Connected to rabbit mq","service":"media-service","timestamp":"2026-02-24T07:03:31.119Z"}
{"level":"info","message":"Subscribed to event: post.deleted","service":"media-service","timestamp":"2026-02-24T07:03:31.137Z"}
{"level":"info","message":"Media service running on port 3003","service":"media-service","timestamp":"2026-02-24T07:03:31.141Z"}
{"level":"info","message":"Connected to mongodb","service":"media-service","timestamp":"2026-02-24T07:03:31.519Z"}
{"level":"info","message":"Connected to rabbit mq","service":"media-service","timestamp":"2026-02-24T07:03:44.646Z"}
{"level":"info","message":"Subscribed to event: post.deleted","service":"media-service","timestamp":"2026-02-24T07:03:44.660Z"}
{"level":"info","message":"Media service running on port 3003","service":"media-service","timestamp":"2026-02-24T07:03:44.663Z"}
{"level":"info","message":"Connected to mongodb","service":"media-service","timestamp":"2026-02-24T07:03:45.143Z"}
{"level":"info","message":"Received GET request to /api/media/get-all-media","service":"media-service","timestamp":"2026-02-24T07:34:34.877Z"}
{"level":"info","message":"Request body, undefined","service":"media-service","timestamp":"2026-02-24T07:34:34.878Z"}
{"level":"info","message":"Received POST request to /api/media/upload","service":"media-service","timestamp":"2026-02-24T07:35:47.574Z"}
{"level":"info","message":"Request body, undefined","service":"media-service","timestamp":"2026-02-24T07:35:47.574Z"}
{"level":"info","message":"Media upload starting...","service":"media-service","timestamp":"2026-02-24T07:35:47.581Z"}
{"level":"info","message":"File details: name=pig.jpeg, type=image/jpeg","service":"media-service","timestamp":"2026-02-24T07:35:47.581Z"}
{"level":"info","message":"Uploading to cloudinary starting...","service":"media-service","timestamp":"2026-02-24T07:35:47.581Z"}
{"level":"info","message":"Cloudinary upload successfully. Public Id: - social-media-microservice-project/aiaxe9t1x1jsrb1f6hei","service":"media-service","timestamp":"2026-02-24T07:35:49.596Z"}
{"level":"info","message":"Received GET request to /api/media/get-all-media","service":"media-service","timestamp":"2026-02-24T07:36:29.867Z"}
{"level":"info","message":"Request body, undefined","service":"media-service","timestamp":"2026-02-24T07:36:29.867Z"}
{"error":{"code":"ENOTFOUND","errno":-3008,"hostname":"api.cloudinary.com","syscall":"getaddrinfo"},"level":"error","message":"Error deleting media from cludinary","service":"media-service","timestamp":"2026-02-24T07:37:51.052Z"}
{"0":"E","1":"r","10":"r","11":"e","12":"d","13":" ","14":"w","15":"h","16":"i","17":"l","18":"e","19":" ","2":"r","20":"m","21":"e","22":"d","23":"i","24":"a","25":" ","26":"d","27":"e","28":"l","29":"e","3":"o","30":"t","31":"i","32":"o","33":"n","4":"r","5":" ","6":"o","7":"c","8":"c","9":"u","level":"error","message":{"error":{"code":"ENOTFOUND","errno":-3008,"hostname":"api.cloudinary.com","syscall":"getaddrinfo"}},"service":"media-service","timestamp":"2026-02-24T07:37:51.052Z"}
{"level":"info","message":"Connected to rabbit mq","service":"media-service","timestamp":"2026-02-24T07:39:23.180Z"}
{"level":"info","message":"Subscribed to event: post.deleted","service":"media-service","timestamp":"2026-02-24T07:39:23.198Z"}
{"level":"info","message":"Media service running on port 3003","service":"media-service","timestamp":"2026-02-24T07:39:23.200Z"}
{"level":"info","message":"Connected to mongodb","service":"media-service","timestamp":"2026-02-24T07:39:23.796Z"}
{"level":"info","message":"Connected to rabbit mq","service":"media-service","timestamp":"2026-02-24T07:39:42.715Z"}
{"level":"info","message":"Subscribed to event: post.deleted","service":"media-service","timestamp":"2026-02-24T07:39:42.731Z"}
{"level":"info","message":"Media service running on port 3003","service":"media-service","timestamp":"2026-02-24T07:39:42.733Z"}
{"level":"info","message":"Connected to mongodb","service":"media-service","timestamp":"2026-02-24T07:39:43.259Z"}
{"level":"info","message":"Connected to rabbit mq","service":"media-service","timestamp":"2026-02-24T07:39:48.290Z"}
{"level":"info","message":"Subscribed to event: post.deleted","service":"media-service","timestamp":"2026-02-24T07:39:48.306Z"}
{"level":"info","message":"Media service running on port 3003","service":"media-service","timestamp":"2026-02-24T07:39:48.308Z"}
{"level":"info","message":"Connected to mongodb","service":"media-service","timestamp":"2026-02-24T07:39:48.772Z"}
{"level":"info","message":"Connected to rabbit mq","service":"media-service","timestamp":"2026-02-24T07:44:57.589Z"}
{"level":"info","message":"Subscribed to event: post.deleted","service":"media-service","timestamp":"2026-02-24T07:44:57.621Z"}
{"level":"info","message":"Media service running on port 3003","service":"media-service","timestamp":"2026-02-24T07:44:57.624Z"}
{"level":"info","message":"Connected to rabbit mq","service":"media-service","timestamp":"2026-02-24T07:44:58.860Z"}
{"level":"info","message":"Subscribed to event: post.deleted","service":"media-service","timestamp":"2026-02-24T07:44:58.876Z"}
{"level":"info","message":"Media service running on port 3003","service":"media-service","timestamp":"2026-02-24T07:44:58.879Z"}
{"level":"info","message":"Connected to mongodb","service":"media-service","timestamp":"2026-02-24T07:44:59.359Z"}
{"level":"info","message":"Connected to rabbit mq","service":"media-service","timestamp":"2026-02-24T07:45:00.651Z"}
{"level":"info","message":"Subscribed to event: post.deleted","service":"media-service","timestamp":"2026-02-24T07:45:00.664Z"}
{"level":"info","message":"Media service running on port 3003","service":"media-service","timestamp":"2026-02-24T07:45:00.666Z"}
{"level":"info","message":"Connected to mongodb","service":"media-service","timestamp":"2026-02-24T07:45:01.116Z"}
{"level":"info","message":"Deleted media 699d54d5e5c025c9e4b4fd5c associated with this deleted post 699d5703fe9967ada633cc24","service":"media-service","timestamp":"2026-02-24T07:45:23.169Z"}
{"level":"info","message":"Processed deletion of media for post id 699d5703fe9967ada633cc24","service":"media-service","timestamp":"2026-02-24T07:45:23.169Z"}
{"level":"info","message":"Connected to rabbit mq","service":"media-service","timestamp":"2026-02-24T07:46:18.329Z"}
{"level":"info","message":"Subscribed to event: post.deleted","service":"media-service","timestamp":"2026-02-24T07:46:18.374Z"}
{"level":"info","message":"Media service running on port 3003","service":"media-service","timestamp":"2026-02-24T07:46:18.376Z"}
{"level":"info","message":"Connected to mongodb","service":"media-service","timestamp":"2026-02-24T07:46:19.037Z"}
{"level":"info","message":"Connected to rabbit mq","service":"media-service","timestamp":"2026-02-24T07:47:36.615Z"}
{"level":"info","message":"Subscribed to event: post.deleted","service":"media-service","timestamp":"2026-02-24T07:47:36.631Z"}
{"level":"info","message":"Media service running on port 3003","service":"media-service","timestamp":"2026-02-24T07:47:36.634Z"}
{"level":"info","message":"Connected to mongodb","service":"media-service","timestamp":"2026-02-24T07:47:37.083Z"}
{"level":"info","message":"Connected to rabbit mq","service":"media-service","timestamp":"2026-02-24T07:47:39.153Z"}
{"level":"info","message":"Subscribed to event: post.deleted","service":"media-service","timestamp":"2026-02-24T07:47:39.195Z"}
{"level":"info","message":"Media service running on port 3003","service":"media-service","timestamp":"2026-02-24T07:47:39.197Z"}
{"level":"info","message":"Connected to mongodb","service":"media-service","timestamp":"2026-02-24T07:47:39.635Z"}
{"level":"info","message":"Connected to rabbit mq","service":"media-service","timestamp":"2026-02-24T07:47:46.561Z"}
{"level":"info","message":"Subscribed to event: post.deleted","service":"media-service","timestamp":"2026-02-24T07:47:46.581Z"}
{"level":"info","message":"Media service running on port 3003","service":"media-service","timestamp":"2026-02-24T07:47:46.585Z"}
{"level":"info","message":"Connected to mongodb","service":"media-service","timestamp":"2026-02-24T07:47:47.111Z"}
{"level":"info","message":"Processed deletion of media for post id 699d57a6fe9967ada633cc29","service":"media-service","timestamp":"2026-02-24T07:48:20.283Z"}
{"level":"info","message":"Connected to rabbit mq","service":"media-service","timestamp":"2026-02-24T07:48:41.141Z"}
{"level":"info","message":"Subscribed to event: post.deleted","service":"media-service","timestamp":"2026-02-24T07:48:41.155Z"}
{"level":"info","message":"Media service running on port 3003","service":"media-service","timestamp":"2026-02-24T07:48:41.157Z"}
{"level":"info","message":"Connected to mongodb","service":"media-service","timestamp":"2026-02-24T07:48:41.743Z"}
{"level":"info","message":"Processed deletion of media for post id 699d57f5fe9967ada633cc30","service":"media-service","timestamp":"2026-02-24T07:49:22.617Z"}
{"level":"info","message":"Connected to rabbit mq","service":"media-service","timestamp":"2026-02-24T07:51:26.948Z"}
{"level":"info","message":"Subscribed to event: post.deleted","service":"media-service","timestamp":"2026-02-24T07:51:26.986Z"}
{"level":"info","message":"Media service running on port 3003","service":"media-service","timestamp":"2026-02-24T07:51:26.988Z"}
{"level":"info","message":"Connected to mongodb","service":"media-service","timestamp":"2026-02-24T07:51:27.494Z"}
{"level":"info","message":"Connected to rabbit mq","service":"media-service","timestamp":"2026-02-24T07:51:32.690Z"}
{"level":"info","message":"Subscribed to event: post.deleted","service":"media-service","timestamp":"2026-02-24T07:51:32.705Z"}
{"level":"info","message":"Media service running on port 3003","service":"media-service","timestamp":"2026-02-24T07:51:32.708Z"}
{"level":"info","message":"Connected to mongodb","service":"media-service","timestamp":"2026-02-24T07:51:33.147Z"}
{"level":"info","message":"Received POST request to /api/media/upload","service":"media-service","timestamp":"2026-02-24T07:51:53.126Z"}
{"level":"info","message":"Request body, undefined","service":"media-service","timestamp":"2026-02-24T07:51:53.127Z"}
{"level":"info","message":"Media upload starting...","service":"media-service","timestamp":"2026-02-24T07:51:53.136Z"}
{"level":"info","message":"File details: name=pig.jpeg, type=image/jpeg","service":"media-service","timestamp":"2026-02-24T07:51:53.136Z"}
{"level":"info","message":"Uploading to cloudinary starting...","service":"media-service","timestamp":"2026-02-24T07:51:53.137Z"}
{"level":"info","message":"Cloudinary upload successfully. Public Id: - social-media-microservice-project/vnn1qbw6b9shewru331h","service":"media-service","timestamp":"2026-02-24T07:51:55.094Z"}
{"level":"info","message":"Received GET request to /api/media/get-all-media","service":"media-service","timestamp":"2026-02-24T07:51:59.687Z"}
{"level":"info","message":"Request body, undefined","service":"media-service","timestamp":"2026-02-24T07:51:59.687Z"}
{"0":"s","1":"o","10":"i","11":"a","12":"-","13":"m","14":"i","15":"c","16":"r","17":"o","18":"s","19":"e","2":"c","20":"r","21":"v","22":"i","23":"c","24":"e","25":"-","26":"p","27":"r","28":"o","29":"j","3":"i","30":"e","31":"c","32":"t","33":"/","34":"v","35":"n","36":"n","37":"1","38":"q","39":"b","4":"a","40":"w","41":"6","42":"b","43":"9","44":"s","45":"h","46":"e","47":"w","48":"r","49":"u","5":"l","50":"3","51":"3","52":"1","53":"h","6":"-","7":"m","8":"e","9":"d","level":"info","message":"Media deleted successfuly from cloud stroage","service":"media-service","timestamp":"2026-02-24T07:52:34.654Z"}
{"level":"info","message":"Deleted media 699d589b4856ef1183ebc7fb associated with this deleted post 699d58a9fe9967ada633cc35","service":"media-service","timestamp":"2026-02-24T07:52:34.697Z"}
{"level":"info","message":"Processed deletion of media for post id 699d58a9fe9967ada633cc35","service":"media-service","timestamp":"2026-02-24T07:52:34.697Z"}
{"level":"info","message":"Connected to rabbit mq","service":"media-service","timestamp":"2026-02-24T07:52:52.350Z"}
{"level":"info","message":"Subscribed to event: post.deleted","service":"media-service","timestamp":"2026-02-24T07:52:52.366Z"}
{"level":"info","message":"Media service running on port 3003","service":"media-service","timestamp":"2026-02-24T07:52:52.369Z"}
{"level":"info","message":"Connected to mongodb","service":"media-service","timestamp":"2026-02-24T07:52:52.946Z"}
{"level":"info","message":"Received POST request to /api/media/upload","service":"media-service","timestamp":"2026-02-24T07:53:05.762Z"}
{"level":"info","message":"Request body, undefined","service":"media-service","timestamp":"2026-02-24T07:53:05.763Z"}
{"level":"info","message":"Media upload starting...","service":"media-service","timestamp":"2026-02-24T07:53:05.772Z"}
{"level":"info","message":"File details: name=pig.jpeg, type=image/jpeg","service":"media-service","timestamp":"2026-02-24T07:53:05.772Z"}
{"level":"info","message":"Uploading to cloudinary starting...","service":"media-service","timestamp":"2026-02-24T07:53:05.772Z"}
{"level":"info","message":"Cloudinary upload successfully. Public Id: - social-media-microservice-project/lwgzmolifanx4atbcqsg","service":"media-service","timestamp":"2026-02-24T07:53:07.418Z"}
{"level":"info","message":"Received POST request to /api/media/upload","service":"media-service","timestamp":"2026-02-24T07:53:08.818Z"}
{"level":"info","message":"Request body, undefined","service":"media-service","timestamp":"2026-02-24T07:53:08.818Z"}
{"level":"info","message":"Media upload starting...","service":"media-service","timestamp":"2026-02-24T07:53:08.821Z"}
{"level":"info","message":"File details: name=pig.jpeg, type=image/jpeg","service":"media-service","timestamp":"2026-02-24T07:53:08.821Z"}
{"level":"info","message":"Uploading to cloudinary starting...","service":"media-service","timestamp":"2026-02-24T07:53:08.822Z"}
{"level":"info","message":"Cloudinary upload successfully. Public Id: - social-media-microservice-project/dhnufdxb3ip3cvwin9ad","service":"media-service","timestamp":"2026-02-24T07:53:09.716Z"}
{"level":"info","message":"Received GET request to /api/media/get-all-media","service":"media-service","timestamp":"2026-02-24T07:53:13.767Z"}
{"level":"info","message":"Request body, undefined","service":"media-service","timestamp":"2026-02-24T07:53:13.768Z"}
{"0":"s","1":"o","10":"i","11":"a","12":"-","13":"m","14":"i","15":"c","16":"r","17":"o","18":"s","19":"e","2":"c","20":"r","21":"v","22":"i","23":"c","24":"e","25":"-","26":"p","27":"r","28":"o","29":"j","3":"i","30":"e","31":"c","32":"t","33":"/","34":"d","35":"h","36":"n","37":"u","38":"f","39":"d","4":"a","40":"x","41":"b","42":"3","43":"i","44":"p","45":"3","46":"c","47":"v","48":"w","49":"i","5":"l","50":"n","51":"9","52":"a","53":"d","6":"-","7":"m","8":"e","9":"d","level":"info","message":"Media deleted successfuly from cloud stroage","service":"media-service","timestamp":"2026-02-24T07:55:48.760Z"}
{"level":"info","message":"Deleted media 699d58e5f375fede00225213 associated with this deleted post 699d590ffe9967ada633cc3a","service":"media-service","timestamp":"2026-02-24T07:55:48.802Z"}
{"level":"info","message":"Processed deletion of media for post id 699d590ffe9967ada633cc3a","service":"media-service","timestamp":"2026-02-24T07:55:48.803Z"}
{"level":"info","message":"Received GET request to /api/media/get-all-media","service":"media-service","timestamp":"2026-02-24T07:56:10.059Z"}
{"level":"info","message":"Request body, undefined","service":"media-service","timestamp":"2026-02-24T07:56:10.059Z"}
{"level":"info","message":"Received GET request to /api/media/get-all-media","service":"media-service","timestamp":"2026-02-24T07:56:11.315Z"}
{"level":"info","message":"Request body, undefined","service":"media-service","timestamp":"2026-02-24T07:56:11.315Z"}
{"level":"info","message":"Connected to rabbit mq","service":"media-service","timestamp":"2026-02-24T09:59:22.269Z"}
{"level":"info","message":"Subscribed to event: post.deleted","service":"media-service","timestamp":"2026-02-24T09:59:22.288Z"}
{"level":"info","message":"Media service running on port 3003","service":"media-service","timestamp":"2026-02-24T09:59:22.290Z"}
{"level":"info","message":"Connected to mongodb","service":"media-service","timestamp":"2026-02-24T09:59:22.871Z"}
{"0":"s","1":"o","10":"i","11":"a","12":"-","13":"m","14":"i","15":"c","16":"r","17":"o","18":"s","19":"e","2":"c","20":"r","21":"v","22":"i","23":"c","24":"e","25":"-","26":"p","27":"r","28":"o","29":"j","3":"i","30":"e","31":"c","32":"t","33":"/","34":"l","35":"w","36":"g","37":"z","38":"m","39":"o","4":"a","40":"l","41":"i","42":"f","43":"a","44":"n","45":"x","46":"4","47":"a","48":"t","49":"b","5":"l","50":"c","51":"q","52":"s","53":"g","6":"-","7":"m","8":"e","9":"d","level":"info","message":"Media deleted successfuly from cloud stroage","service":"media-service","timestamp":"2026-02-24T10:06:42.394Z"}
{"level":"info","message":"Deleted media 699d58e3f375fede00225211 associated with this deleted post 699d7749fdf392bcc533226d","service":"media-service","timestamp":"2026-02-24T10:06:42.438Z"}
{"level":"info","message":"Processed deletion of media for post id 699d7749fdf392bcc533226d","service":"media-service","timestamp":"2026-02-24T10:06:42.439Z"}
